  [1m[35m (188.1ms)[0m  [1m[35mCREATE DATABASE "music_app_development" ENCODING = 'unicode'[0m
  [1m[35m (86.1ms)[0m  [1m[35mCREATE DATABASE "music_app_test" ENCODING = 'unicode'[0m
  [1m[35m (11.2ms)[0m  [1m[35mCREATE TABLE "schema_migrations" ("version" character varying NOT NULL PRIMARY KEY)[0m
  [1m[35m (2.6ms)[0m  [1m[35mCREATE TABLE "ar_internal_metadata" ("key" character varying NOT NULL PRIMARY KEY, "value" character varying, "created_at" timestamp(6) NOT NULL, "updated_at" timestamp(6) NOT NULL)[0m
  [1m[35m (0.3ms)[0m  [1m[34mSELECT pg_try_advisory_lock(4505726345591715405)[0m
  [1m[36mActiveRecord::SchemaMigration Pluck (0.6ms)[0m  [1m[34mSELECT "schema_migrations"."version" FROM "schema_migrations" ORDER BY "schema_migrations"."version" ASC[0m
Migrating to CreateUsers (20230509173208)
  [1m[36mTRANSACTION (0.4ms)[0m  [1m[35mBEGIN[0m
  [1m[35m (3.3ms)[0m  [1m[35mCREATE TABLE "users" ("id" bigserial primary key, "email" character varying NOT NULL, "password_digest" character varying NOT NULL, "session_token" character varying NOT NULL, "created_at" timestamp(6) NOT NULL, "updated_at" timestamp(6) NOT NULL)[0m
  [1m[35m (0.9ms)[0m  [1m[35mCREATE INDEX "index_users_on_email" ON "users" ("email")[0m
  [1m[35m (0.8ms)[0m  [1m[35mCREATE INDEX "index_users_on_session_token" ON "users" ("session_token")[0m
  [1m[36mActiveRecord::SchemaMigration Create (1.4ms)[0m  [1m[32mINSERT INTO "schema_migrations" ("version") VALUES ($1) RETURNING "version"[0m  [["version", "20230509173208"]]
  [1m[36mTRANSACTION (0.5ms)[0m  [1m[35mCOMMIT[0m
  [1m[36mActiveRecord::InternalMetadata Load (0.4ms)[0m  [1m[34mSELECT "ar_internal_metadata".* FROM "ar_internal_metadata" WHERE "ar_internal_metadata"."key" = $1 LIMIT $2[0m  [["key", "environment"], ["LIMIT", 1]]
  [1m[36mTRANSACTION (0.1ms)[0m  [1m[35mBEGIN[0m
  [1m[36mActiveRecord::InternalMetadata Create (1.3ms)[0m  [1m[32mINSERT INTO "ar_internal_metadata" ("key", "value", "created_at", "updated_at") VALUES ($1, $2, $3, $4) RETURNING "key"[0m  [["key", "environment"], ["value", "development"], ["created_at", "2023-05-09 17:34:41.185797"], ["updated_at", "2023-05-09 17:34:41.185797"]]
  [1m[36mTRANSACTION (0.6ms)[0m  [1m[35mCOMMIT[0m
  [1m[35m (0.3ms)[0m  [1m[34mSELECT pg_advisory_unlock(4505726345591715405)[0m
  [1m[36mActiveRecord::SchemaMigration Pluck (0.8ms)[0m  [1m[34mSELECT "schema_migrations"."version" FROM "schema_migrations" ORDER BY "schema_migrations"."version" ASC[0m
  [1m[36mActiveRecord::SchemaMigration Pluck (0.4ms)[0m  [1m[34mSELECT "schema_migrations"."version" FROM "schema_migrations" ORDER BY "schema_migrations"."version" ASC[0m
  [1m[36mTRANSACTION (0.3ms)[0m  [1m[35mBEGIN[0m
  [1m[36mUser Exists? (2.0ms)[0m  [1m[34mSELECT 1 AS one FROM "users" WHERE "users"."email" = $1 LIMIT $2[0m  [["email", "asdf"], ["LIMIT", 1]]
  [1m[36mUser Exists? (0.5ms)[0m  [1m[34mSELECT 1 AS one FROM "users" WHERE "users"."session_token" IS NULL LIMIT $1[0m  [["LIMIT", 1]]
  [1m[36mUser Exists? (0.6ms)[0m  [1m[34mSELECT 1 AS one FROM "users" WHERE "users"."email" = $1 LIMIT $2[0m  [["email", "asdf"], ["LIMIT", 1]]
  [1m[36mUser Exists? (0.4ms)[0m  [1m[34mSELECT 1 AS one FROM "users" WHERE "users"."session_token" IS NULL LIMIT $1[0m  [["LIMIT", 1]]
  [1m[36mTRANSACTION (0.4ms)[0m  [1m[31mROLLBACK[0m
  [1m[36mTRANSACTION (0.2ms)[0m  [1m[35mBEGIN[0m
  [1m[36mUser Exists? (0.4ms)[0m  [1m[34mSELECT 1 AS one FROM "users" WHERE "users"."email" = $1 LIMIT $2[0m  [["email", "asdf"], ["LIMIT", 1]]
  [1m[36mUser Exists? (0.4ms)[0m  [1m[34mSELECT 1 AS one FROM "users" WHERE "users"."session_token" IS NULL LIMIT $1[0m  [["LIMIT", 1]]
  [1m[36mUser Exists? (0.4ms)[0m  [1m[34mSELECT 1 AS one FROM "users" WHERE "users"."email" = $1 LIMIT $2[0m  [["email", "asdf"], ["LIMIT", 1]]
  [1m[36mUser Exists? (0.5ms)[0m  [1m[34mSELECT 1 AS one FROM "users" WHERE "users"."session_token" IS NULL LIMIT $1[0m  [["LIMIT", 1]]
  [1m[36mTRANSACTION (0.3ms)[0m  [1m[31mROLLBACK[0m
  [1m[36mTRANSACTION (0.2ms)[0m  [1m[35mBEGIN[0m
  [1m[36mUser Exists? (0.4ms)[0m  [1m[34mSELECT 1 AS one FROM "users" WHERE "users"."email" = $1 LIMIT $2[0m  [["email", "asdf"], ["LIMIT", 1]]
  [1m[36mUser Exists? (0.4ms)[0m  [1m[34mSELECT 1 AS one FROM "users" WHERE "users"."session_token" IS NULL LIMIT $1[0m  [["LIMIT", 1]]
  [1m[36mUser Exists? (0.4ms)[0m  [1m[34mSELECT 1 AS one FROM "users" WHERE "users"."email" = $1 LIMIT $2[0m  [["email", "asdf"], ["LIMIT", 1]]
  [1m[36mUser Exists? (0.8ms)[0m  [1m[34mSELECT 1 AS one FROM "users" WHERE "users"."session_token" IS NULL LIMIT $1[0m  [["LIMIT", 1]]
  [1m[36mTRANSACTION (0.2ms)[0m  [1m[31mROLLBACK[0m
  [1m[36mTRANSACTION (0.3ms)[0m  [1m[35mBEGIN[0m
  [1m[36mUser Exists? (0.5ms)[0m  [1m[34mSELECT 1 AS one FROM "users" WHERE "users"."email" = $1 LIMIT $2[0m  [["email", "asdf"], ["LIMIT", 1]]
  [1m[36mUser Exists? (0.5ms)[0m  [1m[34mSELECT 1 AS one FROM "users" WHERE "users"."session_token" = $1 LIMIT $2[0m  [["session_token", "[FILTERED]"], ["LIMIT", 1]]
  [1m[36mUser Exists? (0.5ms)[0m  [1m[34mSELECT 1 AS one FROM "users" WHERE "users"."email" = $1 LIMIT $2[0m  [["email", "asdf"], ["LIMIT", 1]]
  [1m[36mUser Exists? (0.4ms)[0m  [1m[34mSELECT 1 AS one FROM "users" WHERE "users"."session_token" = $1 LIMIT $2[0m  [["session_token", "[FILTERED]"], ["LIMIT", 1]]
  [1m[36mUser Create (1.4ms)[0m  [1m[32mINSERT INTO "users" ("email", "password_digest", "session_token", "created_at", "updated_at") VALUES ($1, $2, $3, $4, $5) RETURNING "id"[0m  [["email", "asdf"], ["password_digest", "[FILTERED]"], ["session_token", "[FILTERED]"], ["created_at", "2023-05-09 17:56:02.076400"], ["updated_at", "2023-05-09 17:56:02.076400"]]
  [1m[36mTRANSACTION (0.8ms)[0m  [1m[35mCOMMIT[0m
  [1m[36mTRANSACTION (0.3ms)[0m  [1m[35mBEGIN[0m
  [1m[36mUser Create (3.7ms)[0m  [1m[32mINSERT INTO "users" ("email", "password_digest", "session_token", "created_at", "updated_at") VALUES ($1, $2, $3, $4, $5) RETURNING "id"[0m  [["email", "werw"], ["password_digest", "[FILTERED]"], ["session_token", "[FILTERED]"], ["created_at", "2023-05-09 18:02:29.070514"], ["updated_at", "2023-05-09 18:02:29.070514"]]
  [1m[36mTRANSACTION (0.2ms)[0m  [1m[31mROLLBACK[0m
  [1m[36mTRANSACTION (0.2ms)[0m  [1m[35mBEGIN[0m
  [1m[36mUser Create (1.8ms)[0m  [1m[32mINSERT INTO "users" ("email", "password_digest", "session_token", "created_at", "updated_at") VALUES ($1, $2, $3, $4, $5) RETURNING "id"[0m  [["email", "werw"], ["password_digest", "[FILTERED]"], ["session_token", "[FILTERED]"], ["created_at", "2023-05-09 18:02:29.070514"], ["updated_at", "2023-05-09 18:02:29.070514"]]
  [1m[36mTRANSACTION (0.2ms)[0m  [1m[31mROLLBACK[0m
  [1m[36mTRANSACTION (0.3ms)[0m  [1m[35mBEGIN[0m
  [1m[36mUser Create (1.4ms)[0m  [1m[32mINSERT INTO "users" ("email", "password_digest", "session_token", "created_at", "updated_at") VALUES ($1, $2, $3, $4, $5) RETURNING "id"[0m  [["email", "werw"], ["password_digest", "[FILTERED]"], ["session_token", "[FILTERED]"], ["created_at", "2023-05-09 18:02:29.070514"], ["updated_at", "2023-05-09 18:02:29.070514"]]
  [1m[36mTRANSACTION (0.2ms)[0m  [1m[31mROLLBACK[0m
  [1m[36mTRANSACTION (0.2ms)[0m  [1m[35mBEGIN[0m
  [1m[36mUser Create (2.5ms)[0m  [1m[32mINSERT INTO "users" ("email", "password_digest", "session_token", "created_at", "updated_at") VALUES ($1, $2, $3, $4, $5) RETURNING "id"[0m  [["email", "werw"], ["password_digest", "[FILTERED]"], ["session_token", "[FILTERED]"], ["created_at", "2023-05-09 18:02:29.070514"], ["updated_at", "2023-05-09 18:02:29.070514"]]
  [1m[36mTRANSACTION (0.2ms)[0m  [1m[31mROLLBACK[0m
  [1m[36mTRANSACTION (0.9ms)[0m  [1m[35mBEGIN[0m
  [1m[36mUser Create (1.5ms)[0m  [1m[32mINSERT INTO "users" ("email", "password_digest", "session_token", "created_at", "updated_at") VALUES ($1, $2, $3, $4, $5) RETURNING "id"[0m  [["email", "werw"], ["password_digest", "[FILTERED]"], ["session_token", "[FILTERED]"], ["created_at", "2023-05-09 18:02:29.070514"], ["updated_at", "2023-05-09 18:02:29.070514"]]
  [1m[36mTRANSACTION (0.3ms)[0m  [1m[31mROLLBACK[0m
  [1m[36mTRANSACTION (0.3ms)[0m  [1m[35mBEGIN[0m
  [1m[36mUser Create (2.5ms)[0m  [1m[32mINSERT INTO "users" ("email", "password_digest", "session_token", "created_at", "updated_at") VALUES ($1, $2, $3, $4, $5) RETURNING "id"[0m  [["email", "werw"], ["password_digest", "[FILTERED]"], ["session_token", "[FILTERED]"], ["created_at", "2023-05-09 18:05:09.073056"], ["updated_at", "2023-05-09 18:05:09.073056"]]
  [1m[36mTRANSACTION (0.6ms)[0m  [1m[35mCOMMIT[0m
  [1m[36mTRANSACTION (0.2ms)[0m  [1m[35mBEGIN[0m
  [1m[36mUser Create (0.7ms)[0m  [1m[32mINSERT INTO "users" ("email", "password_digest", "session_token", "created_at", "updated_at") VALUES ($1, $2, $3, $4, $5) RETURNING "id"[0m  [["email", "asdflj"], ["password_digest", "[FILTERED]"], ["session_token", "[FILTERED]"], ["created_at", "2023-05-09 18:05:59.891801"], ["updated_at", "2023-05-09 18:05:59.891801"]]
  [1m[36mTRANSACTION (0.8ms)[0m  [1m[35mCOMMIT[0m
  [1m[36mTRANSACTION (0.2ms)[0m  [1m[35mBEGIN[0m
  [1m[36mUser Exists? (0.4ms)[0m  [1m[34mSELECT 1 AS one FROM "users" WHERE "users"."email" IS NULL LIMIT $1[0m  [["LIMIT", 1]]
  [1m[36mUser Exists? (0.8ms)[0m  [1m[34mSELECT 1 AS one FROM "users" WHERE "users"."session_token" = $1 LIMIT $2[0m  [["session_token", "[FILTERED]"], ["LIMIT", 1]]
  [1m[36mTRANSACTION (1.9ms)[0m  [1m[31mROLLBACK[0m
Started GET "/" for ::1 at 2023-05-09 11:54:55 -0700
  [1m[36mActiveRecord::SchemaMigration Pluck (1.9ms)[0m  [1m[34mSELECT "schema_migrations"."version" FROM "schema_migrations" ORDER BY "schema_migrations"."version" ASC[0m
Processing by Rails::WelcomeController#index as HTML
  Rendering /Users/laurenarmstrong/.rbenv/versions/3.1.1/lib/ruby/gems/3.1.0/gems/railties-7.0.4.3/lib/rails/templates/rails/welcome/index.html.erb
  Rendered /Users/laurenarmstrong/.rbenv/versions/3.1.1/lib/ruby/gems/3.1.0/gems/railties-7.0.4.3/lib/rails/templates/rails/welcome/index.html.erb (Duration: 2.3ms | Allocations: 526)
Completed 200 OK in 12ms (Views: 6.3ms | ActiveRecord: 0.0ms | Allocations: 2796)


Started GET "/users/new" for ::1 at 2023-05-09 11:55:03 -0700
Processing by UsersController#new as HTML
  Rendering layout layouts/application.html.erb
  Rendering users/new.html.erb within layouts/application
  Rendered users/new.html.erb within layouts/application (Duration: 0.4ms | Allocations: 97)
  Rendered layout layouts/application.html.erb (Duration: 47.1ms | Allocations: 12623)
Completed 500 Internal Server Error in 69ms (ActiveRecord: 5.4ms | Allocations: 18885)



NameError - undefined local variable or method `new_user' for #<ActionView::Base:0x00000000004e48>
Did you mean?  new_user_url:
  app/views/layouts/application.html.erb:15
  app/controllers/users_controller.rb:4:in `new'

Started POST "/__better_errors/5f0c2c34940a6699/variables" for ::1 at 2023-05-09 11:55:04 -0700
Started GET "/users/new" for ::1 at 2023-05-09 11:55:12 -0700
Processing by UsersController#new as HTML
  Rendering layout layouts/application.html.erb
  Rendering users/new.html.erb within layouts/application
  Rendered users/new.html.erb within layouts/application (Duration: 0.9ms | Allocations: 96)
  Rendered layout layouts/application.html.erb (Duration: 27.4ms | Allocations: 1918)
Completed 200 OK in 31ms (Views: 30.3ms | ActiveRecord: 0.0ms | Allocations: 2660)


Started GET "/users/new" for ::1 at 2023-05-09 11:55:13 -0700
Processing by UsersController#new as HTML
  Rendering layout layouts/application.html.erb
  Rendering users/new.html.erb within layouts/application
  Rendered users/new.html.erb within layouts/application (Duration: 0.1ms | Allocations: 7)
  Rendered layout layouts/application.html.erb (Duration: 3.7ms | Allocations: 1450)
Completed 200 OK in 5ms (Views: 4.4ms | ActiveRecord: 0.0ms | Allocations: 1689)


Started GET "/users/new" for ::1 at 2023-05-09 11:55:34 -0700
Processing by UsersController#new as HTML
  Rendering layout layouts/application.html.erb
  Rendering users/new.html.erb within layouts/application
  Rendered users/new.html.erb within layouts/application (Duration: 0.0ms | Allocations: 7)
  Rendered layout layouts/application.html.erb (Duration: 10.9ms | Allocations: 2856)
Completed 200 OK in 12ms (Views: 11.7ms | ActiveRecord: 0.0ms | Allocations: 3067)


Started GET "/users/new" for ::1 at 2023-05-09 11:55:43 -0700
Processing by UsersController#new as HTML
  Rendering layout layouts/application.html.erb
  Rendering users/new.html.erb within layouts/application
  Rendered users/new.html.erb within layouts/application (Duration: 0.1ms | Allocations: 7)
  Rendered layout layouts/application.html.erb (Duration: 11.7ms | Allocations: 2755)
Completed 200 OK in 13ms (Views: 12.4ms | ActiveRecord: 0.0ms | Allocations: 2958)


Started GET "/users/new" for ::1 at 2023-05-09 11:56:02 -0700
Processing by UsersController#new as HTML
  Rendering layout layouts/application.html.erb
  Rendering users/new.html.erb within layouts/application
  Rendered users/new.html.erb within layouts/application (Duration: 0.1ms | Allocations: 7)
  Rendered layout layouts/application.html.erb (Duration: 11.5ms | Allocations: 2769)
Completed 200 OK in 12ms (Views: 12.1ms | ActiveRecord: 0.0ms | Allocations: 2972)


Started GET "/users/new" for ::1 at 2023-05-09 11:56:07 -0700
Processing by UsersController#new as HTML
  Rendering layout layouts/application.html.erb
  Rendering users/new.html.erb within layouts/application
  Rendered users/new.html.erb within layouts/application (Duration: 0.1ms | Allocations: 7)
  Rendered layout layouts/application.html.erb (Duration: 12.4ms | Allocations: 2748)
Completed 200 OK in 13ms (Views: 13.0ms | ActiveRecord: 0.0ms | Allocations: 2951)


Started GET "/users/new" for ::1 at 2023-05-09 11:56:18 -0700
Processing by UsersController#new as HTML
  Rendering layout layouts/application.html.erb
  Rendering users/new.html.erb within layouts/application
  Rendered users/new.html.erb within layouts/application (Duration: 0.0ms | Allocations: 7)
  Rendered layout layouts/application.html.erb (Duration: 11.3ms | Allocations: 2748)
Completed 200 OK in 12ms (Views: 11.9ms | ActiveRecord: 0.0ms | Allocations: 2951)


Started GET "/users/new" for ::1 at 2023-05-09 11:56:53 -0700
Processing by UsersController#new as HTML
  Rendering layout layouts/application.html.erb
  Rendering users/new.html.erb within layouts/application
  Rendered users/new.html.erb within layouts/application (Duration: 0.1ms | Allocations: 7)
  Rendered layout layouts/application.html.erb (Duration: 11.4ms | Allocations: 2757)
Completed 200 OK in 12ms (Views: 12.0ms | ActiveRecord: 0.0ms | Allocations: 2960)


Started GET "/users/new" for ::1 at 2023-05-09 11:57:44 -0700
Processing by UsersController#new as HTML
  Rendering layout layouts/application.html.erb
  Rendering users/new.html.erb within layouts/application
  Rendered users/new.html.erb within layouts/application (Duration: 0.1ms | Allocations: 7)
  Rendered layout layouts/application.html.erb (Duration: 13.0ms | Allocations: 2773)
Completed 200 OK in 14ms (Views: 13.6ms | ActiveRecord: 0.0ms | Allocations: 2976)


Started GET "/users/new" for ::1 at 2023-05-09 11:57:44 -0700
Processing by UsersController#new as HTML
  Rendering layout layouts/application.html.erb
  Rendering users/new.html.erb within layouts/application
  Rendered users/new.html.erb within layouts/application (Duration: 0.0ms | Allocations: 7)
  Rendered layout layouts/application.html.erb (Duration: 4.0ms | Allocations: 1424)
Completed 200 OK in 5ms (Views: 4.6ms | ActiveRecord: 0.0ms | Allocations: 1627)


Started GET "/users/new" for ::1 at 2023-05-09 11:57:53 -0700
Processing by UsersController#new as HTML
  Rendering layout layouts/application.html.erb
  Rendering users/new.html.erb within layouts/application
  Rendered users/new.html.erb within layouts/application (Duration: 0.0ms | Allocations: 7)
  Rendered layout layouts/application.html.erb (Duration: 10.9ms | Allocations: 2761)
Completed 200 OK in 12ms (Views: 11.6ms | ActiveRecord: 0.0ms | Allocations: 2964)


Started GET "/users/new" for ::1 at 2023-05-09 11:57:59 -0700
Processing by UsersController#new as HTML
  Rendering layout layouts/application.html.erb
  Rendering users/new.html.erb within layouts/application
  Rendered users/new.html.erb within layouts/application (Duration: 0.1ms | Allocations: 7)
  Rendered layout layouts/application.html.erb (Duration: 11.1ms | Allocations: 2758)
Completed 200 OK in 12ms (Views: 11.9ms | ActiveRecord: 0.0ms | Allocations: 2961)


Started GET "/users/new" for ::1 at 2023-05-09 11:58:11 -0700
Processing by UsersController#new as HTML
  Rendering layout layouts/application.html.erb
  Rendering users/new.html.erb within layouts/application
  Rendered users/new.html.erb within layouts/application (Duration: 0.1ms | Allocations: 7)
  Rendered layout layouts/application.html.erb (Duration: 11.0ms | Allocations: 2758)
Completed 200 OK in 12ms (Views: 12.0ms | ActiveRecord: 0.0ms | Allocations: 2961)


Started GET "/users/new" for ::1 at 2023-05-09 11:58:12 -0700
Processing by UsersController#new as HTML
  Rendering layout layouts/application.html.erb
  Rendering users/new.html.erb within layouts/application
  Rendered users/new.html.erb within layouts/application (Duration: 0.1ms | Allocations: 7)
  Rendered layout layouts/application.html.erb (Duration: 4.5ms | Allocations: 1418)
Completed 200 OK in 6ms (Views: 5.3ms | ActiveRecord: 0.0ms | Allocations: 1621)


Started GET "/users/new" for ::1 at 2023-05-09 11:58:34 -0700
Processing by UsersController#new as HTML
  Rendering layout layouts/application.html.erb
  Rendering users/new.html.erb within layouts/application
  Rendered users/new.html.erb within layouts/application (Duration: 0.0ms | Allocations: 7)
  Rendered layout layouts/application.html.erb (Duration: 12.1ms | Allocations: 2740)
Completed 200 OK in 13ms (Views: 12.8ms | ActiveRecord: 0.0ms | Allocations: 2943)


Started GET "/users/new" for ::1 at 2023-05-09 11:59:00 -0700
Processing by UsersController#new as HTML
  Rendering layout layouts/application.html.erb
  Rendering users/new.html.erb within layouts/application
  Rendered users/new.html.erb within layouts/application (Duration: 0.1ms | Allocations: 7)
  Rendered layout layouts/application.html.erb (Duration: 11.2ms | Allocations: 2755)
Completed 200 OK in 12ms (Views: 11.8ms | ActiveRecord: 0.0ms | Allocations: 2958)


Started GET "/users/new" for ::1 at 2023-05-09 11:59:26 -0700
Processing by UsersController#new as HTML
  Rendering layout layouts/application.html.erb
  Rendering users/new.html.erb within layouts/application
  Rendered users/new.html.erb within layouts/application (Duration: 0.1ms | Allocations: 7)
  Rendered layout layouts/application.html.erb (Duration: 3.2ms | Allocations: 1421)
Completed 200 OK in 4ms (Views: 3.8ms | ActiveRecord: 0.0ms | Allocations: 1624)


Started GET "/session/new" for ::1 at 2023-05-09 11:59:27 -0700
Processing by SessionsController#new as HTML
  Rendering layout layouts/application.html.erb
  Rendering sessions/new.html.erb within layouts/application
  Rendered sessions/new.html.erb within layouts/application (Duration: 0.5ms | Allocations: 96)
  Rendered layout layouts/application.html.erb (Duration: 4.9ms | Allocations: 1809)
Completed 200 OK in 8ms (Views: 6.9ms | ActiveRecord: 0.0ms | Allocations: 2418)


Started GET "/session/new" for ::1 at 2023-05-09 12:03:12 -0700
Processing by SessionsController#new as HTML
  Rendering layout layouts/application.html.erb
  Rendering sessions/new.html.erb within layouts/application
  Rendered sessions/new.html.erb within layouts/application (Duration: 0.7ms | Allocations: 188)
  Rendered layout layouts/application.html.erb (Duration: 5.1ms | Allocations: 2008)
Completed 200 OK in 9ms (Views: 7.5ms | Allocations: 2717)


Started GET "/session/new" for ::1 at 2023-05-09 12:03:14 -0700
Processing by SessionsController#new as HTML
  Rendering layout layouts/application.html.erb
  Rendering sessions/new.html.erb within layouts/application
  Rendered sessions/new.html.erb within layouts/application (Duration: 0.2ms | Allocations: 37)
  Rendered layout layouts/application.html.erb (Duration: 4.1ms | Allocations: 1436)
Completed 200 OK in 5ms (Views: 5.1ms | Allocations: 1649)


Started GET "/users/new" for ::1 at 2023-05-09 12:03:16 -0700
Processing by UsersController#new as HTML
  Rendering layout layouts/application.html.erb
  Rendering users/new.html.erb within layouts/application
  Rendered users/new.html.erb within layouts/application (Duration: 0.4ms | Allocations: 95)
  Rendered layout layouts/application.html.erb (Duration: 4.1ms | Allocations: 1784)
Completed 200 OK in 7ms (Views: 6.3ms | Allocations: 2297)


Started GET "/session/new" for ::1 at 2023-05-09 12:03:17 -0700
Processing by SessionsController#new as HTML
  Rendering layout layouts/application.html.erb
  Rendering sessions/new.html.erb within layouts/application
  Rendered sessions/new.html.erb within layouts/application (Duration: 0.2ms | Allocations: 37)
  Rendered layout layouts/application.html.erb (Duration: 4.8ms | Allocations: 1427)
Completed 200 OK in 6ms (Views: 5.6ms | Allocations: 1640)


Started GET "/session/new" for ::1 at 2023-05-09 12:03:50 -0700
Processing by SessionsController#new as HTML
  Rendering layout layouts/application.html.erb
  Rendering sessions/new.html.erb within layouts/application
  Rendered sessions/new.html.erb within layouts/application (Duration: 0.6ms | Allocations: 190)
  Rendered layout layouts/application.html.erb (Duration: 4.5ms | Allocations: 2013)
Completed 200 OK in 8ms (Views: 6.3ms | Allocations: 2695)


Started GET "/users/new" for ::1 at 2023-05-09 12:09:54 -0700
Processing by UsersController#new as HTML
  Rendering layout layouts/application.html.erb
  Rendering users/new.html.erb within layouts/application
  Rendered users/new.html.erb within layouts/application (Duration: 0.9ms | Allocations: 211)
  Rendered layout layouts/application.html.erb (Duration: 4.9ms | Allocations: 2052)
Completed 200 OK in 8ms (Views: 7.2ms | Allocations: 2759)


Started GET "/session/new" for ::1 at 2023-05-09 12:09:56 -0700
Processing by SessionsController#new as HTML
  Rendering layout layouts/application.html.erb
  Rendering sessions/new.html.erb within layouts/application
  Rendered sessions/new.html.erb within layouts/application (Duration: 4.0ms | Allocations: 2885)
  Rendered layout layouts/application.html.erb (Duration: 4.6ms | Allocations: 2973)
Completed 500 Internal Server Error in 7ms (Allocations: 3463)



NoMethodError - undefined method `email' for nil:NilClass:
  app/views/sessions/new.html.erb:6

Started POST "/__better_errors/d667e3813b4c8f82/variables" for ::1 at 2023-05-09 12:09:56 -0700
Started GET "/session/new" for ::1 at 2023-05-09 12:10:46 -0700
Processing by SessionsController#new as HTML
  Rendering layout layouts/application.html.erb
  Rendering sessions/new.html.erb within layouts/application
  Rendered sessions/new.html.erb within layouts/application (Duration: 0.8ms | Allocations: 216)
  Rendered layout layouts/application.html.erb (Duration: 3.2ms | Allocations: 2092)
Completed 200 OK in 20ms (Views: 4.7ms | ActiveRecord: 5.7ms | Allocations: 8312)


Started GET "/session/new" for ::1 at 2023-05-09 12:10:52 -0700
Processing by SessionsController#new as HTML
  Rendering layout layouts/application.html.erb
  Rendering sessions/new.html.erb within layouts/application
  Rendered sessions/new.html.erb within layouts/application (Duration: 0.2ms | Allocations: 37)
  Rendered layout layouts/application.html.erb (Duration: 5.5ms | Allocations: 1424)
Completed 200 OK in 7ms (Views: 6.4ms | ActiveRecord: 0.0ms | Allocations: 1652)


Started GET "/users/new" for ::1 at 2023-05-09 12:10:53 -0700
Processing by UsersController#new as HTML
  Rendering layout layouts/application.html.erb
  Rendering users/new.html.erb within layouts/application
  Rendered users/new.html.erb within layouts/application (Duration: 1.0ms | Allocations: 210)
  Rendered layout layouts/application.html.erb (Duration: 5.0ms | Allocations: 1895)
Completed 200 OK in 7ms (Views: 7.0ms | ActiveRecord: 0.0ms | Allocations: 2500)


Started GET "/session/new" for ::1 at 2023-05-09 12:10:54 -0700
Processing by SessionsController#new as HTML
  Rendering layout layouts/application.html.erb
  Rendering sessions/new.html.erb within layouts/application
  Rendered sessions/new.html.erb within layouts/application (Duration: 0.3ms | Allocations: 37)
  Rendered layout layouts/application.html.erb (Duration: 5.9ms | Allocations: 1439)
Completed 200 OK in 7ms (Views: 6.9ms | ActiveRecord: 0.0ms | Allocations: 1668)


Started GET "/users/new" for ::1 at 2023-05-09 12:10:55 -0700
Processing by UsersController#new as HTML
  Rendering layout layouts/application.html.erb
  Rendering users/new.html.erb within layouts/application
  Rendered users/new.html.erb within layouts/application (Duration: 0.2ms | Allocations: 37)
  Rendered layout layouts/application.html.erb (Duration: 3.9ms | Allocations: 1439)
Completed 200 OK in 5ms (Views: 4.6ms | ActiveRecord: 0.0ms | Allocations: 1643)


Started GET "/users/new" for ::1 at 2023-05-09 13:15:40 -0700
Processing by UsersController#new as HTML
  Rendering layout layouts/application.html.erb
  Rendering users/new.html.erb within layouts/application
  Rendered users/new.html.erb within layouts/application (Duration: 0.8ms | Allocations: 205)
  Rendered layout layouts/application.html.erb (Duration: 4.8ms | Allocations: 2114)
Completed 200 OK in 8ms (Views: 8.1ms | Allocations: 2796)


Started GET "/users/new" for ::1 at 2023-05-09 13:15:41 -0700
Processing by UsersController#new as HTML
  Rendering layout layouts/application.html.erb
  Rendering users/new.html.erb within layouts/application
  Rendered users/new.html.erb within layouts/application (Duration: 0.5ms | Allocations: 37)
  Rendered layout layouts/application.html.erb (Duration: 5.1ms | Allocations: 1434)
Completed 200 OK in 7ms (Views: 6.6ms | Allocations: 1659)


Started POST "/users/new" for ::1 at 2023-05-09 13:16:16 -0700
  
ActionController::RoutingError (No route matches [POST] "/users/new"):
  
Started GET "/users/new" for ::1 at 2023-05-09 13:18:00 -0700
Processing by UsersController#new as HTML
  Rendering layout layouts/application.html.erb
  Rendering users/new.html.erb within layouts/application
  Rendered users/new.html.erb within layouts/application (Duration: 0.8ms | Allocations: 206)
  Rendered layout layouts/application.html.erb (Duration: 5.4ms | Allocations: 2135)
Completed 200 OK in 9ms (Views: 8.7ms | Allocations: 2802)


Started GET "/users/new" for ::1 at 2023-05-09 13:18:03 -0700
Processing by UsersController#new as HTML
  Rendering layout layouts/application.html.erb
  Rendering users/new.html.erb within layouts/application
  Rendered users/new.html.erb within layouts/application (Duration: 0.2ms | Allocations: 37)
  Rendered layout layouts/application.html.erb (Duration: 4.5ms | Allocations: 1446)
Completed 200 OK in 6ms (Views: 5.2ms | Allocations: 1671)


Started GET "/session/new" for ::1 at 2023-05-09 13:18:04 -0700
Processing by SessionsController#new as HTML
  Rendering layout layouts/application.html.erb
  Rendering sessions/new.html.erb within layouts/application
  Rendered sessions/new.html.erb within layouts/application (Duration: 1.3ms | Allocations: 204)
  Rendered layout layouts/application.html.erb (Duration: 14.2ms | Allocations: 1878)
Completed 200 OK in 18ms (Views: 17.2ms | Allocations: 2383)


Started GET "/users/new" for ::1 at 2023-05-09 13:18:05 -0700
Processing by UsersController#new as HTML
  Rendering layout layouts/application.html.erb
  Rendering users/new.html.erb within layouts/application
  Rendered users/new.html.erb within layouts/application (Duration: 0.4ms | Allocations: 37)
  Rendered layout layouts/application.html.erb (Duration: 4.8ms | Allocations: 1452)
Completed 200 OK in 6ms (Views: 6.0ms | Allocations: 1677)


Started POST "/users/new" for ::1 at 2023-05-09 13:18:16 -0700
  
ActionController::RoutingError (No route matches [POST] "/users/new"):
  
Started GET "/users/new" for ::1 at 2023-05-09 13:22:15 -0700
  [1m[36mActiveRecord::SchemaMigration Pluck (0.6ms)[0m  [1m[34mSELECT "schema_migrations"."version" FROM "schema_migrations" ORDER BY "schema_migrations"."version" ASC[0m
Processing by UsersController#new as HTML
  Rendering layout layouts/application.html.erb
  Rendering users/new.html.erb within layouts/application
  Rendered users/new.html.erb within layouts/application (Duration: 1.5ms | Allocations: 511)
  Rendered layout layouts/application.html.erb (Duration: 20.0ms | Allocations: 6854)
Completed 200 OK in 38ms (Views: 26.5ms | ActiveRecord: 3.5ms | Allocations: 14585)


Started POST "/users/new" for ::1 at 2023-05-09 13:22:27 -0700
  
ActionController::RoutingError (No route matches [POST] "/users/new"):
  
Started GET "/users/new" for ::1 at 2023-05-09 13:23:37 -0700
Processing by UsersController#new as HTML
  Rendering layout layouts/application.html.erb
  Rendering users/new.html.erb within layouts/application
  Rendered users/new.html.erb within layouts/application (Duration: 0.7ms | Allocations: 205)
  Rendered layout layouts/application.html.erb (Duration: 7.0ms | Allocations: 2099)
Completed 200 OK in 10ms (Views: 9.9ms | ActiveRecord: 0.0ms | Allocations: 2830)


Started POST "/users/new" for ::1 at 2023-05-09 13:23:48 -0700
  
ActionController::RoutingError (No route matches [POST] "/users/new"):
  
Started GET "/users/new" for ::1 at 2023-05-09 13:24:26 -0700
Processing by UsersController#new as HTML
  Rendering layout layouts/application.html.erb
  Rendering users/new.html.erb within layouts/application
  Rendered users/new.html.erb within layouts/application (Duration: 0.8ms | Allocations: 204)
  Rendered layout layouts/application.html.erb (Duration: 5.9ms | Allocations: 2127)
Completed 200 OK in 9ms (Views: 8.3ms | ActiveRecord: 0.0ms | Allocations: 2855)


Started POST "/users" for ::1 at 2023-05-09 13:24:31 -0700
Processing by UsersController#create as HTML
  Parameters: {"user"=>{"email"=>"lauren", "password"=>"[FILTERED]"}}
  [1m[36mTRANSACTION (0.1ms)[0m  [1m[35mBEGIN[0m
  ↳ app/controllers/users_controller.rb:10:in `create'
  [1m[36mUser Exists? (0.8ms)[0m  [1m[34mSELECT 1 AS one FROM "users" WHERE "users"."email" = $1 LIMIT $2[0m  [["email", "lauren"], ["LIMIT", 1]]
  ↳ app/controllers/users_controller.rb:10:in `create'
  [1m[36mUser Exists? (0.4ms)[0m  [1m[34mSELECT 1 AS one FROM "users" WHERE "users"."session_token" = $1 LIMIT $2[0m  [["session_token", "[FILTERED]"], ["LIMIT", 1]]
  ↳ app/controllers/users_controller.rb:10:in `create'
  [1m[36mUser Create (1.9ms)[0m  [1m[32mINSERT INTO "users" ("email", "password_digest", "session_token", "created_at", "updated_at") VALUES ($1, $2, $3, $4, $5) RETURNING "id"[0m  [["email", "lauren"], ["password_digest", "[FILTERED]"], ["session_token", "[FILTERED]"], ["created_at", "2023-05-09 20:24:32.130956"], ["updated_at", "2023-05-09 20:24:32.130956"]]
  ↳ app/controllers/users_controller.rb:10:in `create'
  [1m[36mTRANSACTION (1.5ms)[0m  [1m[35mCOMMIT[0m
  ↳ app/controllers/users_controller.rb:10:in `create'
  [1m[36mTRANSACTION (0.1ms)[0m  [1m[35mBEGIN[0m
  ↳ app/models/user.rb:39:in `reset_session_token!'
  [1m[36mUser Exists? (0.3ms)[0m  [1m[34mSELECT 1 AS one FROM "users" WHERE "users"."email" = $1 AND "users"."id" != $2 LIMIT $3[0m  [["email", "lauren"], ["id", 9], ["LIMIT", 1]]
  ↳ app/models/user.rb:39:in `reset_session_token!'
  [1m[36mUser Exists? (0.2ms)[0m  [1m[34mSELECT 1 AS one FROM "users" WHERE "users"."session_token" = $1 AND "users"."id" != $2 LIMIT $3[0m  [["session_token", "[FILTERED]"], ["id", 9], ["LIMIT", 1]]
  ↳ app/models/user.rb:39:in `reset_session_token!'
  [1m[36mUser Update (3.6ms)[0m  [1m[33mUPDATE "users" SET "session_token" = $1, "updated_at" = $2 WHERE "users"."id" = $3[0m  [["session_token", "[FILTERED]"], ["updated_at", "2023-05-09 20:24:32.143194"], ["id", 9]]
  ↳ app/models/user.rb:39:in `reset_session_token!'
  [1m[36mTRANSACTION (0.4ms)[0m  [1m[35mCOMMIT[0m
  ↳ app/models/user.rb:39:in `reset_session_token!'
Redirected to http://localhost:3000/users/9
Completed 302 Found in 302ms (ActiveRecord: 9.6ms | Allocations: 12058)


Started GET "/users/9" for ::1 at 2023-05-09 13:24:32 -0700
Processing by UsersController#show as HTML
  Parameters: {"id"=>"9"}
Completed 500 Internal Server Error in 2ms (ActiveRecord: 0.0ms | Allocations: 1416)



NoMethodError - undefined method `[]' for nil:NilClass
        @user = User.find_by_credentials(params[:user][:username],params[:user][:password])
                                                      ^^^^^^^^^^^:
  app/controllers/users_controller.rb:20:in `show'

Started POST "/__better_errors/ddfdcc0a8ff02e94/variables" for ::1 at 2023-05-09 13:24:32 -0700
Started GET "/users/9" for ::1 at 2023-05-09 13:25:17 -0700
Processing by UsersController#show as HTML
  Parameters: {"id"=>"9"}
  [1m[36mUser Load (0.1ms)[0m  [1m[34mSELECT "users".* FROM "users" WHERE "users"."id" = $1 LIMIT $2[0m  [["id", 9], ["LIMIT", 1]]
  ↳ app/controllers/users_controller.rb:20:in `show'
  Rendering layout layouts/application.html.erb
  Rendering users/show.html.erb within layouts/application
  Rendered users/show.html.erb within layouts/application (Duration: 7.4ms | Allocations: 6484)
  Rendered layout layouts/application.html.erb (Duration: 7.6ms | Allocations: 6581)
Completed 500 Internal Server Error in 17ms (ActiveRecord: 2.2ms | Allocations: 11584)



NoMethodError - undefined method `Username' for #<User id: 9, email: "lauren", password_digest: [FILTERED], session_token: [FILTERED], created_at: "2023-05-09 20:24:32.130956000 +0000", updated_at: "2023-05-09 20:24:32.143194000 +0000">:
  app/views/users/show.html.erb:1
  app/controllers/users_controller.rb:21:in `show'

Started POST "/__better_errors/bd85ec5869e656d5/variables" for ::1 at 2023-05-09 13:25:17 -0700
Started GET "/users/9" for ::1 at 2023-05-09 13:25:33 -0700
Processing by UsersController#show as HTML
  Parameters: {"id"=>"9"}
  [1m[36mUser Load (0.5ms)[0m  [1m[34mSELECT "users".* FROM "users" WHERE "users"."id" = $1 LIMIT $2[0m  [["id", 9], ["LIMIT", 1]]
  ↳ app/controllers/users_controller.rb:20:in `show'
  Rendering layout layouts/application.html.erb
  Rendering users/show.html.erb within layouts/application
  Rendered users/show.html.erb within layouts/application (Duration: 0.5ms | Allocations: 129)
  [1m[36mUser Load (0.4ms)[0m  [1m[34mSELECT "users".* FROM "users" WHERE "users"."session_token" = $1 LIMIT $2[0m  [["session_token", "[FILTERED]"], ["LIMIT", 1]]
  ↳ app/controllers/application_controller.rb:6:in `current_user'
  Rendered layout layouts/application.html.erb (Duration: 9.3ms | Allocations: 2839)
Completed 200 OK in 15ms (Views: 11.6ms | ActiveRecord: 0.9ms | Allocations: 4109)


Started GET "/users/9" for ::1 at 2023-05-09 13:25:47 -0700
Processing by UsersController#show as HTML
  Parameters: {"id"=>"9"}
  [1m[36mUser Load (0.6ms)[0m  [1m[34mSELECT "users".* FROM "users" WHERE "users"."id" = $1 LIMIT $2[0m  [["id", 9], ["LIMIT", 1]]
  ↳ app/controllers/users_controller.rb:20:in `show'
  Rendering layout layouts/application.html.erb
  Rendering users/show.html.erb within layouts/application
  Rendered users/show.html.erb within layouts/application (Duration: 1.5ms | Allocations: 132)
  [1m[36mUser Load (0.5ms)[0m  [1m[34mSELECT "users".* FROM "users" WHERE "users"."session_token" = $1 LIMIT $2[0m  [["session_token", "[FILTERED]"], ["LIMIT", 1]]
  ↳ app/controllers/application_controller.rb:6:in `current_user'
  Rendered layout layouts/application.html.erb (Duration: 12.0ms | Allocations: 2650)
Completed 200 OK in 21ms (Views: 17.5ms | ActiveRecord: 1.1ms | Allocations: 3842)


Started DELETE "/users/9" for ::1 at 2023-05-09 13:26:07 -0700
  
ActionController::RoutingError (No route matches [DELETE] "/users/9"):
  
Started DELETE "/users/9" for ::1 at 2023-05-09 13:26:53 -0700
  
ActionController::RoutingError (No route matches [DELETE] "/users/9"):
  
Started GET "/users/9" for ::1 at 2023-05-09 13:26:57 -0700
Processing by UsersController#show as HTML
  Parameters: {"id"=>"9"}
  [1m[36mUser Load (0.7ms)[0m  [1m[34mSELECT "users".* FROM "users" WHERE "users"."id" = $1 LIMIT $2[0m  [["id", 9], ["LIMIT", 1]]
  ↳ app/controllers/users_controller.rb:20:in `show'
  Rendering layout layouts/application.html.erb
  Rendering users/show.html.erb within layouts/application
  Rendered users/show.html.erb within layouts/application (Duration: 1.0ms | Allocations: 128)
  [1m[36mUser Load (0.5ms)[0m  [1m[34mSELECT "users".* FROM "users" WHERE "users"."session_token" = $1 LIMIT $2[0m  [["session_token", "[FILTERED]"], ["LIMIT", 1]]
  ↳ app/controllers/application_controller.rb:6:in `current_user'
  Rendered layout layouts/application.html.erb (Duration: 7.7ms | Allocations: 2636)
Completed 200 OK in 14ms (Views: 10.4ms | ActiveRecord: 1.2ms | Allocations: 3776)


Started DELETE "/session" for ::1 at 2023-05-09 13:26:59 -0700

AbstractController::ActionNotFound - The action 'destroy' could not be found for SessionsController:

Started POST "/__better_errors/af54c247410f8020/variables" for ::1 at 2023-05-09 13:26:59 -0700
Started DELETE "/session" for ::1 at 2023-05-09 13:34:36 -0700
Processing by SessionsController#destroy as HTML
Completed 500 Internal Server Error in 9ms (Allocations: 3512)



NoMethodError - undefined method `reset_session_token!' for #<SessionsController:0x00000000008fe8>
        current_user.try(reset_session_token!)
                         ^^^^^^^^^^^^^^^^^^^^
Did you mean?  reset_session:
  app/controllers/application_controller.rb:20:in `logout!'
  app/controllers/sessions_controller.rb:20:in `destroy'

Started POST "/__better_errors/966698ca48c334a5/variables" for ::1 at 2023-05-09 13:34:37 -0700
Started DELETE "/session" for ::1 at 2023-05-09 13:35:28 -0700
Processing by SessionsController#destroy as HTML
Redirected to http://localhost:3000/session/new
Completed 302 Found in 1ms (Allocations: 637)


Started GET "/session/new" for ::1 at 2023-05-09 13:35:28 -0700
Processing by SessionsController#new as HTML
  Rendering layout layouts/application.html.erb
  Rendering sessions/new.html.erb within layouts/application
  Rendered sessions/new.html.erb within layouts/application (Duration: 1.8ms | Allocations: 742)
  Rendered layout layouts/application.html.erb (Duration: 4.0ms | Allocations: 1970)
Completed 200 OK in 34ms (Views: 15.4ms | ActiveRecord: 7.1ms | Allocations: 8006)


Started GET "/session/new" for ::1 at 2023-05-09 13:35:57 -0700
Processing by SessionsController#new as HTML
  Rendering layout layouts/application.html.erb
  Rendering sessions/new.html.erb within layouts/application
  Rendered sessions/new.html.erb within layouts/application (Duration: 1.1ms | Allocations: 456)
  Rendered layout layouts/application.html.erb (Duration: 4.1ms | Allocations: 1456)
Completed 200 OK in 5ms (Views: 4.7ms | ActiveRecord: 0.0ms | Allocations: 1684)


Started POST "/session/new" for ::1 at 2023-05-09 13:36:02 -0700
  
ActionController::RoutingError (No route matches [POST] "/session/new"):
  
Started POST "/session/new" for ::1 at 2023-05-09 13:38:03 -0700
  
ActionController::RoutingError (No route matches [POST] "/session/new"):
  
Started GET "/users" for ::1 at 2023-05-09 13:38:20 -0700
  
ActionController::RoutingError (No route matches [GET] "/users"):
  
Started GET "/session/new" for ::1 at 2023-05-09 13:38:26 -0700
Processing by SessionsController#new as HTML
  Rendering layout layouts/application.html.erb
  Rendering sessions/new.html.erb within layouts/application
  Rendered sessions/new.html.erb within layouts/application (Duration: 1.6ms | Allocations: 708)
  Rendered layout layouts/application.html.erb (Duration: 5.0ms | Allocations: 2161)
Completed 200 OK in 8ms (Views: 8.1ms | ActiveRecord: 0.0ms | Allocations: 2810)


Started POST "/session" for ::1 at 2023-05-09 13:38:31 -0700
Processing by SessionsController#create as HTML
  Parameters: {"user"=>{"email"=>"lauren", "password"=>"[FILTERED]"}}
  [1m[36mUser Load (0.6ms)[0m  [1m[34mSELECT "users".* FROM "users" WHERE "users"."email" IS NULL LIMIT $1[0m  [["LIMIT", 1]]
  ↳ app/models/user.rb:23:in `find_by_credentials'
  Rendering layout layouts/application.html.erb
  Rendering sessions/new.html.erb within layouts/application
  Rendered sessions/new.html.erb within layouts/application (Duration: 2.2ms | Allocations: 2657)
  Rendered layout layouts/application.html.erb (Duration: 2.5ms | Allocations: 2736)
Completed 500 Internal Server Error in 14ms (ActiveRecord: 0.8ms | Allocations: 4348)



NoMethodError - undefined method `email' for nil:NilClass:
  app/views/sessions/new.html.erb:9
  app/controllers/sessions_controller.rb:12:in `create'

Started POST "/__better_errors/1bead6d85ce3ae22/variables" for ::1 at 2023-05-09 13:38:31 -0700
Started GET "/users/new" for ::1 at 2023-05-09 13:39:52 -0700
Processing by UsersController#new as HTML
  Rendering layout layouts/application.html.erb
  Rendering users/new.html.erb within layouts/application
  Rendered users/new.html.erb within layouts/application (Duration: 0.6ms | Allocations: 218)
  Rendered layout layouts/application.html.erb (Duration: 3.2ms | Allocations: 1896)
Completed 200 OK in 15ms (Views: 4.6ms | ActiveRecord: 5.5ms | Allocations: 5206)


Started GET "/users/new" for ::1 at 2023-05-09 13:41:23 -0700
Processing by UsersController#new as HTML
  Rendering layout layouts/application.html.erb
  Rendering users/new.html.erb within layouts/application
  Rendered users/new.html.erb within layouts/application (Duration: 0.2ms | Allocations: 39)
  Rendered layout layouts/application.html.erb (Duration: 14.6ms | Allocations: 2900)
Completed 200 OK in 16ms (Views: 15.8ms | ActiveRecord: 0.0ms | Allocations: 3128)


Started GET "/session/new" for ::1 at 2023-05-09 13:41:39 -0700
Processing by SessionsController#new as HTML
  Rendering layout layouts/application.html.erb
  Rendering sessions/new.html.erb within layouts/application
  Rendered sessions/new.html.erb within layouts/application (Duration: 0.8ms | Allocations: 553)
  Rendered layout layouts/application.html.erb (Duration: 5.9ms | Allocations: 1775)
Completed 200 OK in 8ms (Views: 7.5ms | ActiveRecord: 0.0ms | Allocations: 2292)


Started POST "/session" for ::1 at 2023-05-09 13:41:43 -0700
Processing by SessionsController#create as HTML
  Parameters: {"user"=>{"email"=>"lauren", "password"=>"[FILTERED]"}}
  [1m[36mUser Load (0.5ms)[0m  [1m[34mSELECT "users".* FROM "users" WHERE "users"."email" = $1 LIMIT $2[0m  [["email", "lauren"], ["LIMIT", 1]]
  ↳ app/models/user.rb:23:in `find_by_credentials'
Completed 500 Internal Server Error in 11ms (ActiveRecord: 0.5ms | Allocations: 3037)



NoMethodError - undefined method `is_passord?' for "$2a$12$zVGEcI2CXYRo.vL.jtxVsuzFnerBq2f860Vb51JE5e.vcmLDHNSZ2":BCrypt::Password
        BCrypt::Password.new(self.password_digest).is_passord?(password)
                                                  ^^^^^^^^^^^^
Did you mean?  is_password?:
  app/models/user.rb:34:in `is_valid_password?'
  app/models/user.rb:24:in `find_by_credentials'
  app/controllers/sessions_controller.rb:8:in `create'

Started POST "/__better_errors/f357f3f9ada18d30/variables" for ::1 at 2023-05-09 13:41:43 -0700
Started POST "/session" for ::1 at 2023-05-09 13:42:37 -0700
Processing by SessionsController#create as HTML
  Parameters: {"user"=>{"email"=>"lauren", "password"=>"[FILTERED]"}}
  [1m[36mUser Load (0.2ms)[0m  [1m[34mSELECT "users".* FROM "users" WHERE "users"."email" = $1 LIMIT $2[0m  [["email", "lauren"], ["LIMIT", 1]]
  ↳ app/models/user.rb:23:in `find_by_credentials'
Completed 500 Internal Server Error in 11ms (ActiveRecord: 2.6ms | Allocations: 5643)



NoMethodError - undefined method `is_passord?' for "$2a$12$zVGEcI2CXYRo.vL.jtxVsuzFnerBq2f860Vb51JE5e.vcmLDHNSZ2":BCrypt::Password
        pw_object.is_passord?(password)
                 ^^^^^^^^^^^^
Did you mean?  is_password?:
  app/models/user.rb:35:in `is_valid_password?'
  app/models/user.rb:24:in `find_by_credentials'
  app/controllers/sessions_controller.rb:8:in `create'

Started POST "/__better_errors/64ab43c9bce66535/variables" for ::1 at 2023-05-09 13:42:37 -0700
  [1m[36mUser Load (0.4ms)[0m  [1m[34mSELECT "users".* FROM "users" ORDER BY "users"."id" ASC LIMIT $1[0m  [["LIMIT", 1]]
  [1m[36mUser Load (0.6ms)[0m  [1m[34mSELECT "users".* FROM "users"[0m
  [1m[36mUser Load (0.5ms)[0m  [1m[34mSELECT "users".* FROM "users" ORDER BY "users"."id" DESC LIMIT $1[0m  [["LIMIT", 1]]
  [1m[36mUser Load (0.4ms)[0m  [1m[34mSELECT "users".* FROM "users" ORDER BY "users"."id" DESC LIMIT $1[0m  [["LIMIT", 1]]
  [1m[36mUser Load (0.5ms)[0m  [1m[34mSELECT "users".* FROM "users" ORDER BY "users"."id" DESC LIMIT $1[0m  [["LIMIT", 1]]
  [1m[36mUser Load (0.4ms)[0m  [1m[34mSELECT "users".* FROM "users" ORDER BY "users"."id" DESC LIMIT $1[0m  [["LIMIT", 1]]
  [1m[36mUser Load (0.4ms)[0m  [1m[34mSELECT "users".* FROM "users" ORDER BY "users"."id" DESC LIMIT $1[0m  [["LIMIT", 1]]
  [1m[36mUser Load (0.5ms)[0m  [1m[34mSELECT "users".* FROM "users" ORDER BY "users"."id" DESC LIMIT $1[0m  [["LIMIT", 1]]
  [1m[36mUser Load (0.5ms)[0m  [1m[34mSELECT "users".* FROM "users" ORDER BY "users"."id" DESC LIMIT $1[0m  [["LIMIT", 1]]
Started POST "/session" for ::1 at 2023-05-09 13:47:48 -0700
Processing by SessionsController#create as HTML
  Parameters: {"user"=>{"email"=>"lauren", "password"=>"[FILTERED]"}}
  [1m[36mUser Load (0.2ms)[0m  [1m[34mSELECT "users".* FROM "users" WHERE "users"."email" = $1 LIMIT $2[0m  [["email", "lauren"], ["LIMIT", 1]]
  ↳ app/models/user.rb:23:in `find_by_credentials'
Completed 500 Internal Server Error in 10ms (ActiveRecord: 2.3ms | Allocations: 5680)



NoMethodError - undefined method `is_passord?' for "$2a$12$zVGEcI2CXYRo.vL.jtxVsuzFnerBq2f860Vb51JE5e.vcmLDHNSZ2":BCrypt::Password
        BCrypt::Password.new(self.password_digest).is_passord?(password)
                                                  ^^^^^^^^^^^^
Did you mean?  is_password?:
  app/models/user.rb:34:in `is_valid_password?'
  app/models/user.rb:24:in `find_by_credentials'
  app/controllers/sessions_controller.rb:8:in `create'

Started POST "/__better_errors/35feb26c210ff05f/variables" for ::1 at 2023-05-09 13:47:48 -0700
Started POST "/session" for ::1 at 2023-05-09 13:50:10 -0700
Processing by SessionsController#create as HTML
  Parameters: {"user"=>{"email"=>"lauren", "password"=>"[FILTERED]"}}
  [1m[36mUser Load (0.2ms)[0m  [1m[34mSELECT "users".* FROM "users" WHERE "users"."email" = $1 LIMIT $2[0m  [["email", "lauren"], ["LIMIT", 1]]
  ↳ app/models/user.rb:23:in `find_by_credentials'
  [1m[36mTRANSACTION (0.3ms)[0m  [1m[35mBEGIN[0m
  ↳ app/models/user.rb:40:in `reset_session_token!'
  [1m[36mUser Exists? (0.6ms)[0m  [1m[34mSELECT 1 AS one FROM "users" WHERE "users"."email" = $1 AND "users"."id" != $2 LIMIT $3[0m  [["email", "lauren"], ["id", 9], ["LIMIT", 1]]
  ↳ app/models/user.rb:40:in `reset_session_token!'
  [1m[36mUser Exists? (0.4ms)[0m  [1m[34mSELECT 1 AS one FROM "users" WHERE "users"."session_token" = $1 AND "users"."id" != $2 LIMIT $3[0m  [["session_token", "[FILTERED]"], ["id", 9], ["LIMIT", 1]]
  ↳ app/models/user.rb:40:in `reset_session_token!'
  [1m[36mTRANSACTION (0.2ms)[0m  [1m[31mROLLBACK[0m
  ↳ app/models/user.rb:40:in `reset_session_token!'
Completed 422 Unprocessable Entity in 273ms (ActiveRecord: 4.5ms | Allocations: 9575)



ActiveRecord::RecordInvalid - Validation failed: Password is too short (minimum is 6 characters):
  app/models/user.rb:40:in `reset_session_token!'
  app/controllers/application_controller.rb:15:in `login!'
  app/controllers/sessions_controller.rb:14:in `create'

Started POST "/__better_errors/4a1c557f5baa56cd/variables" for ::1 at 2023-05-09 13:50:11 -0700
Started POST "/session" for ::1 at 2023-05-09 13:51:35 -0700
Processing by SessionsController#create as HTML
  Parameters: {"user"=>{"email"=>"lauren", "password"=>"[FILTERED]"}}
  [1m[36mUser Load (0.2ms)[0m  [1m[34mSELECT "users".* FROM "users" WHERE "users"."email" = $1 LIMIT $2[0m  [["email", "lauren"], ["LIMIT", 1]]
  ↳ app/models/user.rb:23:in `find_by_credentials'
  [1m[36mTRANSACTION (0.1ms)[0m  [1m[35mBEGIN[0m
  ↳ app/models/user.rb:39:in `reset_session_token!'
  [1m[36mUser Exists? (0.4ms)[0m  [1m[34mSELECT 1 AS one FROM "users" WHERE "users"."email" = $1 AND "users"."id" != $2 LIMIT $3[0m  [["email", "lauren"], ["id", 9], ["LIMIT", 1]]
  ↳ app/models/user.rb:39:in `reset_session_token!'
  [1m[36mUser Exists? (0.4ms)[0m  [1m[34mSELECT 1 AS one FROM "users" WHERE "users"."session_token" = $1 AND "users"."id" != $2 LIMIT $3[0m  [["session_token", "[FILTERED]"], ["id", 9], ["LIMIT", 1]]
  ↳ app/models/user.rb:39:in `reset_session_token!'
  [1m[36mTRANSACTION (0.2ms)[0m  [1m[31mROLLBACK[0m
  ↳ app/models/user.rb:39:in `reset_session_token!'
Completed 422 Unprocessable Entity in 274ms (ActiveRecord: 4.0ms | Allocations: 7595)



ActiveRecord::RecordInvalid - Validation failed: Password is too short (minimum is 4 characters):
  app/models/user.rb:39:in `reset_session_token!'
  app/controllers/application_controller.rb:15:in `login!'
  app/controllers/sessions_controller.rb:14:in `create'

Started POST "/__better_errors/b61bb00c5f9f21d2/variables" for ::1 at 2023-05-09 13:51:35 -0700
Started GET "/session" for ::1 at 2023-05-09 13:53:43 -0700
  
ActionController::RoutingError (No route matches [GET] "/session"):
  
Started GET "/session" for ::1 at 2023-05-09 13:53:44 -0700
  
ActionController::RoutingError (No route matches [GET] "/session"):
  
Started GET "/session/new" for ::1 at 2023-05-09 13:53:51 -0700
Processing by SessionsController#new as HTML
  Rendering layout layouts/application.html.erb
  Rendering sessions/new.html.erb within layouts/application
  Rendered sessions/new.html.erb within layouts/application (Duration: 1.1ms | Allocations: 546)
  Rendered layout layouts/application.html.erb (Duration: 7.2ms | Allocations: 1775)
Completed 200 OK in 10ms (Views: 9.3ms | ActiveRecord: 0.0ms | Allocations: 2287)


Started POST "/session" for ::1 at 2023-05-09 13:53:57 -0700
Processing by SessionsController#create as HTML
  Parameters: {"user"=>{"email"=>"lauren", "password"=>"[FILTERED]"}}
  [1m[36mUser Load (0.5ms)[0m  [1m[34mSELECT "users".* FROM "users" WHERE "users"."email" = $1 LIMIT $2[0m  [["email", "lauren"], ["LIMIT", 1]]
  ↳ app/models/user.rb:23:in `find_by_credentials'
  [1m[36mTRANSACTION (0.1ms)[0m  [1m[35mBEGIN[0m
  ↳ app/models/user.rb:39:in `reset_session_token!'
  [1m[36mUser Exists? (0.4ms)[0m  [1m[34mSELECT 1 AS one FROM "users" WHERE "users"."email" = $1 AND "users"."id" != $2 LIMIT $3[0m  [["email", "lauren"], ["id", 9], ["LIMIT", 1]]
  ↳ app/models/user.rb:39:in `reset_session_token!'
  [1m[36mUser Exists? (0.4ms)[0m  [1m[34mSELECT 1 AS one FROM "users" WHERE "users"."session_token" = $1 AND "users"."id" != $2 LIMIT $3[0m  [["session_token", "[FILTERED]"], ["id", 9], ["LIMIT", 1]]
  ↳ app/models/user.rb:39:in `reset_session_token!'
  [1m[36mTRANSACTION (0.2ms)[0m  [1m[31mROLLBACK[0m
  ↳ app/models/user.rb:39:in `reset_session_token!'
Completed 422 Unprocessable Entity in 284ms (ActiveRecord: 1.7ms | Allocations: 4480)



ActiveRecord::RecordInvalid - Validation failed: Password is too short (minimum is 4 characters):
  app/models/user.rb:39:in `reset_session_token!'
  app/controllers/application_controller.rb:15:in `login!'
  app/controllers/sessions_controller.rb:14:in `create'

Started POST "/__better_errors/bddc46b7b3036497/variables" for ::1 at 2023-05-09 13:53:57 -0700
  [1m[36mTRANSACTION (0.3ms)[0m  [1m[35mBEGIN[0m
  [1m[36mUser Exists? (0.8ms)[0m  [1m[34mSELECT 1 AS one FROM "users" WHERE "users"."email" = $1 LIMIT $2[0m  [["email", "austin"], ["LIMIT", 1]]
  [1m[36mUser Exists? (0.9ms)[0m  [1m[34mSELECT 1 AS one FROM "users" WHERE "users"."session_token" = $1 LIMIT $2[0m  [["session_token", "[FILTERED]"], ["LIMIT", 1]]
  [1m[36mUser Create (0.8ms)[0m  [1m[32mINSERT INTO "users" ("email", "password_digest", "session_token", "created_at", "updated_at") VALUES ($1, $2, $3, $4, $5) RETURNING "id"[0m  [["email", "austin"], ["password_digest", "[FILTERED]"], ["session_token", "[FILTERED]"], ["created_at", "2023-05-09 20:56:04.134640"], ["updated_at", "2023-05-09 20:56:04.134640"]]
  [1m[36mTRANSACTION (1.0ms)[0m  [1m[35mCOMMIT[0m
  [1m[36mTRANSACTION (0.3ms)[0m  [1m[35mBEGIN[0m
  [1m[36mUser Exists? (0.6ms)[0m  [1m[34mSELECT 1 AS one FROM "users" WHERE "users"."email" = $1 AND "users"."id" != $2 LIMIT $3[0m  [["email", "austin"], ["id", 10], ["LIMIT", 1]]
  [1m[36mUser Exists? (0.7ms)[0m  [1m[34mSELECT 1 AS one FROM "users" WHERE "users"."session_token" = $1 AND "users"."id" != $2 LIMIT $3[0m  [["session_token", "[FILTERED]"], ["id", 10], ["LIMIT", 1]]
  [1m[36mTRANSACTION (0.4ms)[0m  [1m[35mCOMMIT[0m
  [1m[36mUser Load (0.5ms)[0m  [1m[34mSELECT "users".* FROM "users"[0m
Started POST "/session" for ::1 at 2023-05-09 13:56:57 -0700
Processing by SessionsController#create as HTML
  Parameters: {"user"=>{"email"=>"lauren", "password"=>"[FILTERED]"}}
Completed 500 Internal Server Error in 3ms (ActiveRecord: 0.0ms | Allocations: 1891)



ArgumentError - Unknown validator: 'AllowValidator':
  app/models/user.rb:17:in `<class:User>'
  app/models/user.rb:12:in `<top (required)>'
  app/controllers/sessions_controller.rb:8:in `create'

Started POST "/__better_errors/e41d2da90fc861bb/variables" for ::1 at 2023-05-09 13:56:57 -0700
Started GET "/session/new" for ::1 at 2023-05-09 13:57:02 -0700
Processing by SessionsController#new as HTML
Completed 500 Internal Server Error in 2ms (ActiveRecord: 0.0ms | Allocations: 1389)



ArgumentError - Unknown validator: 'AllowValidator':
  app/models/user.rb:17:in `<class:User>'
  app/models/user.rb:12:in `<top (required)>'
  app/controllers/sessions_controller.rb:3:in `new'

Started POST "/__better_errors/9bf3a556f43fa31d/variables" for ::1 at 2023-05-09 13:57:02 -0700
Started GET "/session/new" for ::1 at 2023-05-09 13:57:05 -0700
Processing by SessionsController#new as HTML
Completed 500 Internal Server Error in 2ms (ActiveRecord: 0.0ms | Allocations: 1386)



ArgumentError - Unknown validator: 'AllowValidator':
  app/models/user.rb:17:in `<class:User>'
  app/models/user.rb:12:in `<top (required)>'
  app/controllers/sessions_controller.rb:3:in `new'

Started POST "/__better_errors/6c3a922a578b8faa/variables" for ::1 at 2023-05-09 13:57:05 -0700
Started GET "/users/new" for ::1 at 2023-05-09 13:57:11 -0700
Processing by UsersController#new as HTML
Completed 500 Internal Server Error in 2ms (ActiveRecord: 0.0ms | Allocations: 1436)



ArgumentError - Unknown validator: 'AllowValidator':
  app/models/user.rb:17:in `<class:User>'
  app/models/user.rb:12:in `<top (required)>'
  app/controllers/users_controller.rb:3:in `new'

Started POST "/__better_errors/abbec2f0aa54d92e/variables" for ::1 at 2023-05-09 13:57:12 -0700
Started GET "/users/new" for ::1 at 2023-05-09 13:58:26 -0700
Processing by UsersController#new as HTML
  Rendering layout layouts/application.html.erb
  Rendering users/new.html.erb within layouts/application
  Rendered users/new.html.erb within layouts/application (Duration: 0.2ms | Allocations: 78)
  Rendered layout layouts/application.html.erb (Duration: 3.1ms | Allocations: 1761)
Completed 200 OK in 10ms (Views: 4.2ms | ActiveRecord: 2.0ms | Allocations: 4941)


Started GET "/session/new" for ::1 at 2023-05-09 13:58:31 -0700
Processing by SessionsController#new as HTML
  Rendering layout layouts/application.html.erb
  Rendering sessions/new.html.erb within layouts/application
  Rendered sessions/new.html.erb within layouts/application (Duration: 2.3ms | Allocations: 556)
  Rendered layout layouts/application.html.erb (Duration: 6.6ms | Allocations: 1778)
Completed 200 OK in 8ms (Views: 8.1ms | ActiveRecord: 0.0ms | Allocations: 2295)


Started POST "/session" for ::1 at 2023-05-09 13:58:36 -0700
Processing by SessionsController#create as HTML
  Parameters: {"user"=>{"email"=>"lauren", "password"=>"[FILTERED]"}}
  [1m[36mUser Load (0.4ms)[0m  [1m[34mSELECT "users".* FROM "users" WHERE "users"."email" = $1 LIMIT $2[0m  [["email", "lauren"], ["LIMIT", 1]]
  ↳ app/models/user.rb:23:in `find_by_credentials'
  [1m[36mTRANSACTION (0.3ms)[0m  [1m[35mBEGIN[0m
  ↳ app/models/user.rb:39:in `reset_session_token!'
  [1m[36mUser Exists? (0.4ms)[0m  [1m[34mSELECT 1 AS one FROM "users" WHERE "users"."email" = $1 AND "users"."id" != $2 LIMIT $3[0m  [["email", "lauren"], ["id", 9], ["LIMIT", 1]]
  ↳ app/models/user.rb:39:in `reset_session_token!'
  [1m[36mUser Exists? (0.3ms)[0m  [1m[34mSELECT 1 AS one FROM "users" WHERE "users"."session_token" = $1 AND "users"."id" != $2 LIMIT $3[0m  [["session_token", "[FILTERED]"], ["id", 9], ["LIMIT", 1]]
  ↳ app/models/user.rb:39:in `reset_session_token!'
  [1m[36mUser Update (0.7ms)[0m  [1m[33mUPDATE "users" SET "session_token" = $1, "updated_at" = $2 WHERE "users"."id" = $3[0m  [["session_token", "[FILTERED]"], ["updated_at", "2023-05-09 20:58:37.277449"], ["id", 9]]
  ↳ app/models/user.rb:39:in `reset_session_token!'
  [1m[36mTRANSACTION (1.0ms)[0m  [1m[35mCOMMIT[0m
  ↳ app/models/user.rb:39:in `reset_session_token!'
Redirected to http://localhost:3000/users/9
Completed 302 Found in 284ms (ActiveRecord: 3.0ms | Allocations: 5144)


Started GET "/users/9" for ::1 at 2023-05-09 13:58:37 -0700
Processing by UsersController#show as HTML
  Parameters: {"id"=>"9"}
  [1m[36mUser Load (0.3ms)[0m  [1m[34mSELECT "users".* FROM "users" WHERE "users"."id" = $1 LIMIT $2[0m  [["id", 9], ["LIMIT", 1]]
  ↳ app/controllers/users_controller.rb:20:in `show'
  Rendering layout layouts/application.html.erb
  Rendering users/show.html.erb within layouts/application
  Rendered users/show.html.erb within layouts/application (Duration: 0.4ms | Allocations: 122)
  [1m[36mUser Load (0.2ms)[0m  [1m[34mSELECT "users".* FROM "users" WHERE "users"."session_token" = $1 LIMIT $2[0m  [["session_token", "[FILTERED]"], ["LIMIT", 1]]
  ↳ app/controllers/application_controller.rb:6:in `current_user'
  Rendered layout layouts/application.html.erb (Duration: 4.3ms | Allocations: 2110)
Completed 200 OK in 9ms (Views: 5.0ms | ActiveRecord: 0.5ms | Allocations: 3729)


Started DELETE "/session" for ::1 at 2023-05-09 14:00:02 -0700
Processing by SessionsController#destroy as HTML
Redirected to http://localhost:3000/session/new
Completed 302 Found in 1ms (ActiveRecord: 0.0ms | Allocations: 654)


Started GET "/session/new" for ::1 at 2023-05-09 14:00:02 -0700
Processing by SessionsController#new as HTML
  Rendering layout layouts/application.html.erb
  Rendering sessions/new.html.erb within layouts/application
  Rendered sessions/new.html.erb within layouts/application (Duration: 0.5ms | Allocations: 552)
  Rendered layout layouts/application.html.erb (Duration: 6.8ms | Allocations: 3216)
Completed 200 OK in 19ms (Views: 12.2ms | ActiveRecord: 2.1ms | Allocations: 6321)


Started GET "/session/new" for ::1 at 2023-05-09 14:01:22 -0700
Processing by SessionsController#new as HTML
  Rendering layout layouts/application.html.erb
  Rendering sessions/new.html.erb within layouts/application
  Rendered sessions/new.html.erb within layouts/application (Duration: 1.1ms | Allocations: 458)
  Rendered layout layouts/application.html.erb (Duration: 12.8ms | Allocations: 2821)
Completed 200 OK in 14ms (Views: 13.4ms | ActiveRecord: 0.0ms | Allocations: 3049)


Started GET "/session/new" for ::1 at 2023-05-09 14:01:47 -0700
Processing by SessionsController#new as HTML
  Rendering layout layouts/application.html.erb
  Rendering sessions/new.html.erb within layouts/application
  Rendered sessions/new.html.erb within layouts/application (Duration: 1.3ms | Allocations: 455)
  Rendered layout layouts/application.html.erb (Duration: 12.6ms | Allocations: 2822)
Completed 200 OK in 14ms (Views: 13.4ms | ActiveRecord: 0.0ms | Allocations: 3025)


Started GET "/session/new" for ::1 at 2023-05-09 14:02:19 -0700
Processing by SessionsController#new as HTML
  Rendering layout layouts/application.html.erb
  Rendering sessions/new.html.erb within layouts/application
  Rendered sessions/new.html.erb within layouts/application (Duration: 1.1ms | Allocations: 455)
  Rendered layout layouts/application.html.erb (Duration: 10.4ms | Allocations: 2823)
Completed 200 OK in 11ms (Views: 11.0ms | ActiveRecord: 0.0ms | Allocations: 3026)


Started GET "/session/new" for ::1 at 2023-05-09 14:02:48 -0700
Processing by SessionsController#new as HTML
  Rendering layout layouts/application.html.erb
  Rendering sessions/new.html.erb within layouts/application
  Rendered sessions/new.html.erb within layouts/application (Duration: 1.0ms | Allocations: 458)
  Rendered layout layouts/application.html.erb (Duration: 9.9ms | Allocations: 2826)
Completed 200 OK in 11ms (Views: 10.9ms | ActiveRecord: 0.0ms | Allocations: 3029)


Started GET "/session/new" for ::1 at 2023-05-09 14:03:03 -0700
Processing by SessionsController#new as HTML
  Rendering layout layouts/application.html.erb
  Rendering sessions/new.html.erb within layouts/application
  Rendered sessions/new.html.erb within layouts/application (Duration: 0.9ms | Allocations: 470)
  Rendered layout layouts/application.html.erb (Duration: 12.6ms | Allocations: 2838)
Completed 200 OK in 13ms (Views: 13.2ms | ActiveRecord: 0.0ms | Allocations: 3041)


Started GET "/session/new" for ::1 at 2023-05-09 14:03:33 -0700
Processing by SessionsController#new as HTML
  Rendering layout layouts/application.html.erb
  Rendering sessions/new.html.erb within layouts/application
  Rendered sessions/new.html.erb within layouts/application (Duration: 1.0ms | Allocations: 467)
  Rendered layout layouts/application.html.erb (Duration: 12.9ms | Allocations: 2834)
Completed 200 OK in 14ms (Views: 13.8ms | ActiveRecord: 0.0ms | Allocations: 3037)


  [1m[35m (0.2ms)[0m  [1m[34mSELECT pg_try_advisory_lock(4505726345591715405)[0m
  [1m[36mActiveRecord::SchemaMigration Pluck (0.6ms)[0m  [1m[34mSELECT "schema_migrations"."version" FROM "schema_migrations" ORDER BY "schema_migrations"."version" ASC[0m
Migrating to CreateBands (20230509210450)
  [1m[36mTRANSACTION (0.2ms)[0m  [1m[35mBEGIN[0m
  [1m[35m (5.7ms)[0m  [1m[35mCREATE TABLE "bands" ("id" bigserial primary key, "name" character varying NOT NULL, "created_at" timestamp(6) NOT NULL, "updated_at" timestamp(6) NOT NULL)[0m
  [1m[36mActiveRecord::SchemaMigration Create (0.4ms)[0m  [1m[32mINSERT INTO "schema_migrations" ("version") VALUES ($1) RETURNING "version"[0m  [["version", "20230509210450"]]
  [1m[36mTRANSACTION (0.7ms)[0m  [1m[35mCOMMIT[0m
  [1m[36mActiveRecord::InternalMetadata Load (0.5ms)[0m  [1m[34mSELECT "ar_internal_metadata".* FROM "ar_internal_metadata" WHERE "ar_internal_metadata"."key" = $1 LIMIT $2[0m  [["key", "environment"], ["LIMIT", 1]]
  [1m[35m (0.3ms)[0m  [1m[34mSELECT pg_advisory_unlock(4505726345591715405)[0m
  [1m[36mActiveRecord::SchemaMigration Pluck (0.7ms)[0m  [1m[34mSELECT "schema_migrations"."version" FROM "schema_migrations" ORDER BY "schema_migrations"."version" ASC[0m
  [1m[36mActiveRecord::SchemaMigration Pluck (0.5ms)[0m  [1m[34mSELECT "schema_migrations"."version" FROM "schema_migrations" ORDER BY "schema_migrations"."version" ASC[0m
  [1m[36mActiveRecord::SchemaMigration Pluck (0.5ms)[0m  [1m[34mSELECT "schema_migrations"."version" FROM "schema_migrations" ORDER BY "schema_migrations"."version" ASC[0m
  [1m[36mActiveRecord::InternalMetadata Pluck (0.3ms)[0m  [1m[34mSELECT "ar_internal_metadata"."value" FROM "ar_internal_metadata" WHERE "ar_internal_metadata"."key" = $1 LIMIT $2[0m  [["key", "environment"], ["LIMIT", 1]]
  [1m[36mActiveRecord::SchemaMigration Pluck (0.1ms)[0m  [1m[34mSELECT "schema_migrations"."version" FROM "schema_migrations" ORDER BY "schema_migrations"."version" ASC[0m
  [1m[36mActiveRecord::InternalMetadata Pluck (0.1ms)[0m  [1m[34mSELECT "ar_internal_metadata"."value" FROM "ar_internal_metadata" WHERE "ar_internal_metadata"."key" = $1 LIMIT $2[0m  [["key", "environment"], ["LIMIT", 1]]
  [1m[36mActiveRecord::SchemaMigration Pluck (0.2ms)[0m  [1m[34mSELECT "schema_migrations"."version" FROM "schema_migrations" ORDER BY "schema_migrations"."version" ASC[0m
  [1m[36mActiveRecord::InternalMetadata Pluck (0.1ms)[0m  [1m[34mSELECT "ar_internal_metadata"."value" FROM "ar_internal_metadata" WHERE "ar_internal_metadata"."key" = $1 LIMIT $2[0m  [["key", "environment"], ["LIMIT", 1]]
  [1m[35m (43.8ms)[0m  [1m[35mDROP DATABASE IF EXISTS "music_app_development"[0m
  [1m[35m (36.8ms)[0m  [1m[35mDROP DATABASE IF EXISTS "music_app_test"[0m
  [1m[35m (155.3ms)[0m  [1m[35mCREATE DATABASE "music_app_development" ENCODING = 'unicode'[0m
  [1m[35m (91.4ms)[0m  [1m[35mCREATE DATABASE "music_app_test" ENCODING = 'unicode'[0m
  [1m[35mSQL (2.1ms)[0m  [1m[35mCREATE EXTENSION IF NOT EXISTS "plpgsql"[0m
  [1m[35m (1.6ms)[0m  [1m[35mDROP TABLE IF EXISTS "bands" CASCADE[0m
  [1m[35m (4.6ms)[0m  [1m[35mCREATE TABLE "bands" ("id" bigserial primary key, "name" character varying NOT NULL, "created_at" timestamp(6) NOT NULL, "updated_at" timestamp(6) NOT NULL)[0m
  [1m[35m (0.2ms)[0m  [1m[35mDROP TABLE IF EXISTS "users" CASCADE[0m
  [1m[35m (2.6ms)[0m  [1m[35mCREATE TABLE "users" ("id" bigserial primary key, "email" character varying NOT NULL, "password_digest" character varying NOT NULL, "session_token" character varying NOT NULL, "created_at" timestamp(6) NOT NULL, "updated_at" timestamp(6) NOT NULL)[0m
  [1m[35m (1.5ms)[0m  [1m[35mCREATE INDEX "index_users_on_email" ON "users" ("email")[0m
  [1m[35m (1.2ms)[0m  [1m[35mCREATE INDEX "index_users_on_session_token" ON "users" ("session_token")[0m
  [1m[35m (3.0ms)[0m  [1m[35mCREATE TABLE "schema_migrations" ("version" character varying NOT NULL PRIMARY KEY)[0m
  [1m[36mActiveRecord::SchemaMigration Pluck (0.9ms)[0m  [1m[34mSELECT "schema_migrations"."version" FROM "schema_migrations" ORDER BY "schema_migrations"."version" ASC[0m
  [1m[35m (0.7ms)[0m  [1m[32mINSERT INTO "schema_migrations" (version) VALUES (20230509210450)[0m
  [1m[35m (0.6ms)[0m  [1m[32mINSERT INTO "schema_migrations" (version) VALUES
(20230509173208);

[0m
  [1m[35m (2.9ms)[0m  [1m[35mCREATE TABLE "ar_internal_metadata" ("key" character varying NOT NULL PRIMARY KEY, "value" character varying, "created_at" timestamp(6) NOT NULL, "updated_at" timestamp(6) NOT NULL)[0m
  [1m[36mActiveRecord::InternalMetadata Load (0.3ms)[0m  [1m[34mSELECT "ar_internal_metadata".* FROM "ar_internal_metadata" WHERE "ar_internal_metadata"."key" = $1 LIMIT $2[0m  [["key", "environment"], ["LIMIT", 1]]
  [1m[36mTRANSACTION (0.1ms)[0m  [1m[35mBEGIN[0m
  [1m[36mActiveRecord::InternalMetadata Create (0.5ms)[0m  [1m[32mINSERT INTO "ar_internal_metadata" ("key", "value", "created_at", "updated_at") VALUES ($1, $2, $3, $4) RETURNING "key"[0m  [["key", "environment"], ["value", "development"], ["created_at", "2023-05-09 21:18:25.406554"], ["updated_at", "2023-05-09 21:18:25.406554"]]
  [1m[36mTRANSACTION (0.4ms)[0m  [1m[35mCOMMIT[0m
  [1m[36mActiveRecord::InternalMetadata Load (0.2ms)[0m  [1m[34mSELECT "ar_internal_metadata".* FROM "ar_internal_metadata" WHERE "ar_internal_metadata"."key" = $1 LIMIT $2[0m  [["key", "environment"], ["LIMIT", 1]]
  [1m[36mActiveRecord::InternalMetadata Load (0.1ms)[0m  [1m[34mSELECT "ar_internal_metadata".* FROM "ar_internal_metadata" WHERE "ar_internal_metadata"."key" = $1 LIMIT $2[0m  [["key", "schema_sha1"], ["LIMIT", 1]]
  [1m[36mTRANSACTION (0.1ms)[0m  [1m[35mBEGIN[0m
  [1m[36mActiveRecord::InternalMetadata Create (0.2ms)[0m  [1m[32mINSERT INTO "ar_internal_metadata" ("key", "value", "created_at", "updated_at") VALUES ($1, $2, $3, $4) RETURNING "key"[0m  [["key", "schema_sha1"], ["value", "7bd14a406187296b84ccadf286d0345d4b50f92a"], ["created_at", "2023-05-09 21:18:25.414188"], ["updated_at", "2023-05-09 21:18:25.414188"]]
  [1m[36mTRANSACTION (0.4ms)[0m  [1m[35mCOMMIT[0m
  [1m[35mSQL (0.2ms)[0m  [1m[35mCREATE EXTENSION IF NOT EXISTS "plpgsql"[0m
  [1m[35m (0.1ms)[0m  [1m[35mDROP TABLE IF EXISTS "bands" CASCADE[0m
  [1m[35m (5.7ms)[0m  [1m[35mCREATE TABLE "bands" ("id" bigserial primary key, "name" character varying NOT NULL, "created_at" timestamp(6) NOT NULL, "updated_at" timestamp(6) NOT NULL)[0m
  [1m[35m (0.4ms)[0m  [1m[35mDROP TABLE IF EXISTS "users" CASCADE[0m
  [1m[35m (3.8ms)[0m  [1m[35mCREATE TABLE "users" ("id" bigserial primary key, "email" character varying NOT NULL, "password_digest" character varying NOT NULL, "session_token" character varying NOT NULL, "created_at" timestamp(6) NOT NULL, "updated_at" timestamp(6) NOT NULL)[0m
  [1m[35m (1.3ms)[0m  [1m[35mCREATE INDEX "index_users_on_email" ON "users" ("email")[0m
  [1m[35m (1.1ms)[0m  [1m[35mCREATE INDEX "index_users_on_session_token" ON "users" ("session_token")[0m
  [1m[35m (2.3ms)[0m  [1m[35mCREATE TABLE "schema_migrations" ("version" character varying NOT NULL PRIMARY KEY)[0m
  [1m[36mActiveRecord::SchemaMigration Pluck (0.4ms)[0m  [1m[34mSELECT "schema_migrations"."version" FROM "schema_migrations" ORDER BY "schema_migrations"."version" ASC[0m
  [1m[35m (0.6ms)[0m  [1m[32mINSERT INTO "schema_migrations" (version) VALUES (20230509210450)[0m
  [1m[35m (0.4ms)[0m  [1m[32mINSERT INTO "schema_migrations" (version) VALUES
(20230509173208);

[0m
  [1m[35m (2.2ms)[0m  [1m[35mCREATE TABLE "ar_internal_metadata" ("key" character varying NOT NULL PRIMARY KEY, "value" character varying, "created_at" timestamp(6) NOT NULL, "updated_at" timestamp(6) NOT NULL)[0m
  [1m[36mActiveRecord::InternalMetadata Load (0.3ms)[0m  [1m[34mSELECT "ar_internal_metadata".* FROM "ar_internal_metadata" WHERE "ar_internal_metadata"."key" = $1 LIMIT $2[0m  [["key", "environment"], ["LIMIT", 1]]
  [1m[36mTRANSACTION (0.1ms)[0m  [1m[35mBEGIN[0m
  [1m[36mActiveRecord::InternalMetadata Create (0.3ms)[0m  [1m[32mINSERT INTO "ar_internal_metadata" ("key", "value", "created_at", "updated_at") VALUES ($1, $2, $3, $4) RETURNING "key"[0m  [["key", "environment"], ["value", "development"], ["created_at", "2023-05-09 21:18:25.471457"], ["updated_at", "2023-05-09 21:18:25.471457"]]
  [1m[36mTRANSACTION (0.3ms)[0m  [1m[35mCOMMIT[0m
  [1m[36mActiveRecord::InternalMetadata Load (0.1ms)[0m  [1m[34mSELECT "ar_internal_metadata".* FROM "ar_internal_metadata" WHERE "ar_internal_metadata"."key" = $1 LIMIT $2[0m  [["key", "environment"], ["LIMIT", 1]]
  [1m[36mTRANSACTION (0.1ms)[0m  [1m[35mBEGIN[0m
  [1m[36mActiveRecord::InternalMetadata Update (0.4ms)[0m  [1m[33mUPDATE "ar_internal_metadata" SET "value" = $1, "updated_at" = $2 WHERE "ar_internal_metadata"."key" = $3[0m  [["value", "test"], ["updated_at", "2023-05-09 21:18:25.476184"], ["key", "environment"]]
  [1m[36mTRANSACTION (0.5ms)[0m  [1m[35mCOMMIT[0m
  [1m[36mActiveRecord::InternalMetadata Load (0.1ms)[0m  [1m[34mSELECT "ar_internal_metadata".* FROM "ar_internal_metadata" WHERE "ar_internal_metadata"."key" = $1 LIMIT $2[0m  [["key", "schema_sha1"], ["LIMIT", 1]]
  [1m[36mTRANSACTION (0.1ms)[0m  [1m[35mBEGIN[0m
  [1m[36mActiveRecord::InternalMetadata Create (0.2ms)[0m  [1m[32mINSERT INTO "ar_internal_metadata" ("key", "value", "created_at", "updated_at") VALUES ($1, $2, $3, $4) RETURNING "key"[0m  [["key", "schema_sha1"], ["value", "7bd14a406187296b84ccadf286d0345d4b50f92a"], ["created_at", "2023-05-09 21:18:25.480736"], ["updated_at", "2023-05-09 21:18:25.480736"]]
  [1m[36mTRANSACTION (0.4ms)[0m  [1m[35mCOMMIT[0m
  [1m[36mActiveRecord::SchemaMigration Pluck (0.5ms)[0m  [1m[34mSELECT "schema_migrations"."version" FROM "schema_migrations" ORDER BY "schema_migrations"."version" ASC[0m
  [1m[36mUser Load (0.5ms)[0m  [1m[34mSELECT "users".* FROM "users"[0m
  [1m[36mBand Load (0.4ms)[0m  [1m[34mSELECT "bands".* FROM "bands"[0m
  [1m[36mTRANSACTION (0.2ms)[0m  [1m[35mBEGIN[0m
  [1m[36mUser Exists? (0.4ms)[0m  [1m[34mSELECT 1 AS one FROM "users" WHERE "users"."email" = $1 LIMIT $2[0m  [["email", "lauren@aa.com"], ["LIMIT", 1]]
  [1m[36mUser Exists? (0.2ms)[0m  [1m[34mSELECT 1 AS one FROM "users" WHERE "users"."session_token" = $1 LIMIT $2[0m  [["session_token", "[FILTERED]"], ["LIMIT", 1]]
  [1m[36mUser Create (0.9ms)[0m  [1m[32mINSERT INTO "users" ("email", "password_digest", "session_token", "created_at", "updated_at") VALUES ($1, $2, $3, $4, $5) RETURNING "id"[0m  [["email", "lauren@aa.com"], ["password_digest", "[FILTERED]"], ["session_token", "[FILTERED]"], ["created_at", "2023-05-09 21:18:25.836078"], ["updated_at", "2023-05-09 21:18:25.836078"]]
  [1m[36mTRANSACTION (0.8ms)[0m  [1m[35mCOMMIT[0m
  [1m[36mTRANSACTION (0.4ms)[0m  [1m[35mBEGIN[0m
  [1m[36mUser Exists? (0.4ms)[0m  [1m[34mSELECT 1 AS one FROM "users" WHERE "users"."email" = $1 LIMIT $2[0m  [["email", "austin@aa.com"], ["LIMIT", 1]]
  [1m[36mUser Exists? (0.2ms)[0m  [1m[34mSELECT 1 AS one FROM "users" WHERE "users"."session_token" = $1 LIMIT $2[0m  [["session_token", "[FILTERED]"], ["LIMIT", 1]]
  [1m[36mUser Create (0.4ms)[0m  [1m[32mINSERT INTO "users" ("email", "password_digest", "session_token", "created_at", "updated_at") VALUES ($1, $2, $3, $4, $5) RETURNING "id"[0m  [["email", "austin@aa.com"], ["password_digest", "[FILTERED]"], ["session_token", "[FILTERED]"], ["created_at", "2023-05-09 21:18:26.099739"], ["updated_at", "2023-05-09 21:18:26.099739"]]
  [1m[36mTRANSACTION (0.4ms)[0m  [1m[35mCOMMIT[0m
  [1m[36mTRANSACTION (0.1ms)[0m  [1m[35mBEGIN[0m
  [1m[36mUser Exists? (0.2ms)[0m  [1m[34mSELECT 1 AS one FROM "users" WHERE "users"."email" = $1 LIMIT $2[0m  [["email", "helena@aa.com"], ["LIMIT", 1]]
  [1m[36mUser Exists? (0.1ms)[0m  [1m[34mSELECT 1 AS one FROM "users" WHERE "users"."session_token" = $1 LIMIT $2[0m  [["session_token", "[FILTERED]"], ["LIMIT", 1]]
  [1m[36mUser Create (0.2ms)[0m  [1m[32mINSERT INTO "users" ("email", "password_digest", "session_token", "created_at", "updated_at") VALUES ($1, $2, $3, $4, $5) RETURNING "id"[0m  [["email", "helena@aa.com"], ["password_digest", "[FILTERED]"], ["session_token", "[FILTERED]"], ["created_at", "2023-05-09 21:18:26.353970"], ["updated_at", "2023-05-09 21:18:26.353970"]]
  [1m[36mTRANSACTION (0.5ms)[0m  [1m[35mCOMMIT[0m
  [1m[36mTRANSACTION (0.1ms)[0m  [1m[35mBEGIN[0m
  [1m[36mBand Exists? (0.1ms)[0m  [1m[34mSELECT 1 AS one FROM "bands" WHERE "bands"."name" = $1 LIMIT $2[0m  [["name", "Miley Cyrus"], ["LIMIT", 1]]
  [1m[36mBand Create (0.3ms)[0m  [1m[32mINSERT INTO "bands" ("name", "created_at", "updated_at") VALUES ($1, $2, $3) RETURNING "id"[0m  [["name", "Miley Cyrus"], ["created_at", "2023-05-09 21:18:26.361341"], ["updated_at", "2023-05-09 21:18:26.361341"]]
  [1m[36mTRANSACTION (0.4ms)[0m  [1m[35mCOMMIT[0m
  [1m[36mTRANSACTION (0.1ms)[0m  [1m[35mBEGIN[0m
  [1m[36mBand Exists? (0.1ms)[0m  [1m[34mSELECT 1 AS one FROM "bands" WHERE "bands"."name" = $1 LIMIT $2[0m  [["name", "Justin Bieber"], ["LIMIT", 1]]
  [1m[36mBand Create (0.1ms)[0m  [1m[32mINSERT INTO "bands" ("name", "created_at", "updated_at") VALUES ($1, $2, $3) RETURNING "id"[0m  [["name", "Justin Bieber"], ["created_at", "2023-05-09 21:18:26.365316"], ["updated_at", "2023-05-09 21:18:26.365316"]]
  [1m[36mTRANSACTION (0.4ms)[0m  [1m[35mCOMMIT[0m
  [1m[36mTRANSACTION (0.1ms)[0m  [1m[35mBEGIN[0m
  [1m[36mBand Exists? (0.1ms)[0m  [1m[34mSELECT 1 AS one FROM "bands" WHERE "bands"."name" = $1 LIMIT $2[0m  [["name", "Lady Gaga"], ["LIMIT", 1]]
  [1m[36mBand Create (0.1ms)[0m  [1m[32mINSERT INTO "bands" ("name", "created_at", "updated_at") VALUES ($1, $2, $3) RETURNING "id"[0m  [["name", "Lady Gaga"], ["created_at", "2023-05-09 21:18:26.369087"], ["updated_at", "2023-05-09 21:18:26.369087"]]
  [1m[36mTRANSACTION (0.4ms)[0m  [1m[35mCOMMIT[0m
  [1m[36mTRANSACTION (0.1ms)[0m  [1m[35mBEGIN[0m
  [1m[36mBand Exists? (0.1ms)[0m  [1m[34mSELECT 1 AS one FROM "bands" WHERE "bands"."name" = $1 LIMIT $2[0m  [["name", "Lizzo"], ["LIMIT", 1]]
  [1m[36mBand Create (0.3ms)[0m  [1m[32mINSERT INTO "bands" ("name", "created_at", "updated_at") VALUES ($1, $2, $3) RETURNING "id"[0m  [["name", "Lizzo"], ["created_at", "2023-05-09 21:18:26.372899"], ["updated_at", "2023-05-09 21:18:26.372899"]]
  [1m[36mTRANSACTION (0.4ms)[0m  [1m[35mCOMMIT[0m
  [1m[36mTRANSACTION (0.1ms)[0m  [1m[35mBEGIN[0m
  [1m[36mBand Exists? (0.1ms)[0m  [1m[34mSELECT 1 AS one FROM "bands" WHERE "bands"."name" = $1 LIMIT $2[0m  [["name", "Taylor Swift"], ["LIMIT", 1]]
  [1m[36mBand Create (0.3ms)[0m  [1m[32mINSERT INTO "bands" ("name", "created_at", "updated_at") VALUES ($1, $2, $3) RETURNING "id"[0m  [["name", "Taylor Swift"], ["created_at", "2023-05-09 21:18:26.376878"], ["updated_at", "2023-05-09 21:18:26.376878"]]
  [1m[36mTRANSACTION (0.4ms)[0m  [1m[35mCOMMIT[0m
  [1m[36mBand Load (0.4ms)[0m  [1m[34mSELECT "bands".* FROM "bands"[0m
Started GET "/session/new" for ::1 at 2023-05-09 14:22:58 -0700
  [1m[36mActiveRecord::SchemaMigration Pluck (0.4ms)[0m  [1m[34mSELECT "schema_migrations"."version" FROM "schema_migrations" ORDER BY "schema_migrations"."version" ASC[0m
Processing by SessionsController#new as HTML
  Rendering layout layouts/application.html.erb
  Rendering sessions/new.html.erb within layouts/application
  Rendered sessions/new.html.erb within layouts/application (Duration: 1.1ms | Allocations: 718)
  Rendered layout layouts/application.html.erb (Duration: 3.9ms | Allocations: 2190)
Completed 200 OK in 9ms (Views: 5.7ms | ActiveRecord: 0.0ms | Allocations: 5341)


Started POST "/session" for ::1 at 2023-05-09 14:23:12 -0700
Processing by SessionsController#create as HTML
  Parameters: {"user"=>{"email"=>"lauren", "password"=>"[FILTERED]"}}
  [1m[36mUser Load (0.9ms)[0m  [1m[34mSELECT "users".* FROM "users" WHERE "users"."email" = $1 LIMIT $2[0m  [["email", "lauren"], ["LIMIT", 1]]
  ↳ app/models/user.rb:22:in `find_by_credentials'
  Rendering layout layouts/application.html.erb
  Rendering sessions/new.html.erb within layouts/application
  Rendered sessions/new.html.erb within layouts/application (Duration: 31.9ms | Allocations: 2651)
  Rendered layout layouts/application.html.erb (Duration: 32.3ms | Allocations: 2730)
Completed 500 Internal Server Error in 54ms (ActiveRecord: 1.3ms | Allocations: 4249)



NoMethodError - undefined method `email' for nil:NilClass:
  app/views/sessions/new.html.erb:9
  app/controllers/sessions_controller.rb:12:in `create'

Started POST "/__better_errors/1974806b5b159d06/variables" for ::1 at 2023-05-09 14:23:12 -0700
Started POST "/session" for ::1 at 2023-05-09 14:23:21 -0700
Processing by SessionsController#create as HTML
  Parameters: {"user"=>{"email"=>"lauren@aa.com", "password"=>"[FILTERED]"}}
  [1m[36mUser Load (1.0ms)[0m  [1m[34mSELECT "users".* FROM "users" WHERE "users"."email" = $1 LIMIT $2[0m  [["email", "lauren@aa.com"], ["LIMIT", 1]]
  ↳ app/models/user.rb:22:in `find_by_credentials'
  [1m[36mTRANSACTION (0.2ms)[0m  [1m[35mBEGIN[0m
  ↳ app/models/user.rb:38:in `reset_session_token!'
  [1m[36mUser Exists? (0.4ms)[0m  [1m[34mSELECT 1 AS one FROM "users" WHERE "users"."email" = $1 AND "users"."id" != $2 LIMIT $3[0m  [["email", "lauren@aa.com"], ["id", 1], ["LIMIT", 1]]
  ↳ app/models/user.rb:38:in `reset_session_token!'
  [1m[36mUser Exists? (0.3ms)[0m  [1m[34mSELECT 1 AS one FROM "users" WHERE "users"."session_token" = $1 AND "users"."id" != $2 LIMIT $3[0m  [["session_token", "[FILTERED]"], ["id", 1], ["LIMIT", 1]]
  ↳ app/models/user.rb:38:in `reset_session_token!'
  [1m[36mUser Update (0.6ms)[0m  [1m[33mUPDATE "users" SET "session_token" = $1, "updated_at" = $2 WHERE "users"."id" = $3[0m  [["session_token", "[FILTERED]"], ["updated_at", "2023-05-09 21:23:21.814337"], ["id", 1]]
  ↳ app/models/user.rb:38:in `reset_session_token!'
  [1m[36mTRANSACTION (0.7ms)[0m  [1m[35mCOMMIT[0m
  ↳ app/models/user.rb:38:in `reset_session_token!'
Redirected to http://localhost:3000/users/1
Completed 302 Found in 285ms (ActiveRecord: 3.3ms | Allocations: 4816)


Started GET "/users/1" for ::1 at 2023-05-09 14:23:21 -0700
Processing by UsersController#show as HTML
  Parameters: {"id"=>"1"}
  [1m[36mUser Load (0.2ms)[0m  [1m[34mSELECT "users".* FROM "users" WHERE "users"."id" = $1 LIMIT $2[0m  [["id", 1], ["LIMIT", 1]]
  ↳ app/controllers/users_controller.rb:20:in `show'
  Rendering layout layouts/application.html.erb
  Rendering users/show.html.erb within layouts/application
  Rendered users/show.html.erb within layouts/application (Duration: 0.3ms | Allocations: 130)
  [1m[36mUser Load (0.4ms)[0m  [1m[34mSELECT "users".* FROM "users" WHERE "users"."session_token" = $1 LIMIT $2[0m  [["session_token", "[FILTERED]"], ["LIMIT", 1]]
  ↳ app/controllers/application_controller.rb:6:in `current_user'
  Rendered layout layouts/application.html.erb (Duration: 5.3ms | Allocations: 2556)
Completed 200 OK in 9ms (Views: 6.6ms | ActiveRecord: 0.6ms | Allocations: 4621)


Started DELETE "/session" for ::1 at 2023-05-09 14:24:33 -0700
Processing by SessionsController#destroy as HTML
Redirected to http://localhost:3000/session/new
Completed 302 Found in 1ms (ActiveRecord: 0.0ms | Allocations: 547)


Started GET "/session/new" for ::1 at 2023-05-09 14:24:33 -0700
Processing by SessionsController#new as HTML
  Rendering layout layouts/application.html.erb
  Rendering sessions/new.html.erb within layouts/application
  Rendered sessions/new.html.erb within layouts/application (Duration: 1.2ms | Allocations: 460)
  Rendered layout layouts/application.html.erb (Duration: 3.9ms | Allocations: 1461)
Completed 200 OK in 5ms (Views: 4.6ms | ActiveRecord: 0.0ms | Allocations: 1686)


Started POST "/session" for ::1 at 2023-05-09 14:24:38 -0700
Processing by SessionsController#create as HTML
  Parameters: {"user"=>{"email"=>"lauren", "password"=>"[FILTERED]"}}
  [1m[36mUser Load (0.5ms)[0m  [1m[34mSELECT "users".* FROM "users" WHERE "users"."email" = $1 LIMIT $2[0m  [["email", "lauren"], ["LIMIT", 1]]
  ↳ app/models/user.rb:22:in `find_by_credentials'
  Rendering layout layouts/application.html.erb
  Rendering sessions/new.html.erb within layouts/application
  Rendered sessions/new.html.erb within layouts/application (Duration: 3.2ms | Allocations: 2645)
  Rendered layout layouts/application.html.erb (Duration: 3.6ms | Allocations: 2724)
Completed 500 Internal Server Error in 8ms (ActiveRecord: 0.5ms | Allocations: 3816)



NoMethodError - undefined method `email' for nil:NilClass:
  app/views/sessions/new.html.erb:9
  app/controllers/sessions_controller.rb:12:in `create'

Started POST "/__better_errors/c51e56ff62d92da0/variables" for ::1 at 2023-05-09 14:24:38 -0700
Started POST "/session" for ::1 at 2023-05-09 14:25:09 -0700
Processing by SessionsController#create as HTML
  Parameters: {"user"=>{"email"=>"lauren", "password"=>"[FILTERED]"}}
  [1m[36mUser Load (0.2ms)[0m  [1m[34mSELECT "users".* FROM "users" WHERE "users"."email" = $1 LIMIT $2[0m  [["email", "lauren"], ["LIMIT", 1]]
  ↳ app/models/user.rb:22:in `find_by_credentials'
  Rendering layout layouts/application.html.erb
  Rendering sessions/new.html.erb within layouts/application
  Rendered sessions/new.html.erb within layouts/application (Duration: 0.3ms | Allocations: 84)
  Rendered layout layouts/application.html.erb (Duration: 2.9ms | Allocations: 1300)
Completed 200 OK in 16ms (Views: 3.9ms | ActiveRecord: 4.8ms | Allocations: 5779)


Started POST "/session" for ::1 at 2023-05-09 14:25:41 -0700
Processing by SessionsController#create as HTML
  Parameters: {"user"=>{"email"=>"", "password"=>"[FILTERED]"}}
  [1m[36mUser Load (0.5ms)[0m  [1m[34mSELECT "users".* FROM "users" WHERE "users"."email" = $1 LIMIT $2[0m  [["email", ""], ["LIMIT", 1]]
  ↳ app/models/user.rb:22:in `find_by_credentials'
  Rendering layout layouts/application.html.erb
  Rendering sessions/new.html.erb within layouts/application
  Rendered sessions/new.html.erb within layouts/application (Duration: 1.1ms | Allocations: 257)
  Rendered layout layouts/application.html.erb (Duration: 4.6ms | Allocations: 1702)
Completed 200 OK in 10ms (Views: 7.3ms | ActiveRecord: 0.5ms | Allocations: 3468)


Started POST "/session" for ::1 at 2023-05-09 14:25:50 -0700
Processing by SessionsController#create as HTML
  Parameters: {"user"=>{"email"=>"lauren@aa.com", "password"=>"[FILTERED]"}}
  [1m[36mUser Load (0.6ms)[0m  [1m[34mSELECT "users".* FROM "users" WHERE "users"."email" = $1 LIMIT $2[0m  [["email", "lauren@aa.com"], ["LIMIT", 1]]
  ↳ app/models/user.rb:22:in `find_by_credentials'
  Rendering layout layouts/application.html.erb
  Rendering sessions/new.html.erb within layouts/application
  Rendered sessions/new.html.erb within layouts/application (Duration: 0.1ms | Allocations: 48)
  Rendered layout layouts/application.html.erb (Duration: 2.6ms | Allocations: 1040)
Completed 200 OK in 282ms (Views: 3.0ms | ActiveRecord: 0.6ms | Allocations: 2348)


Started POST "/session" for ::1 at 2023-05-09 14:25:58 -0700
Processing by SessionsController#create as HTML
  Parameters: {"user"=>{"email"=>"lauren@aa.com", "password"=>"[FILTERED]"}}
  [1m[36mUser Load (0.4ms)[0m  [1m[34mSELECT "users".* FROM "users" WHERE "users"."email" = $1 LIMIT $2[0m  [["email", "lauren@aa.com"], ["LIMIT", 1]]
  ↳ app/models/user.rb:22:in `find_by_credentials'
  [1m[36mTRANSACTION (0.2ms)[0m  [1m[35mBEGIN[0m
  ↳ app/models/user.rb:38:in `reset_session_token!'
  [1m[36mUser Exists? (0.5ms)[0m  [1m[34mSELECT 1 AS one FROM "users" WHERE "users"."email" = $1 AND "users"."id" != $2 LIMIT $3[0m  [["email", "lauren@aa.com"], ["id", 1], ["LIMIT", 1]]
  ↳ app/models/user.rb:38:in `reset_session_token!'
  [1m[36mUser Exists? (0.4ms)[0m  [1m[34mSELECT 1 AS one FROM "users" WHERE "users"."session_token" = $1 AND "users"."id" != $2 LIMIT $3[0m  [["session_token", "[FILTERED]"], ["id", 1], ["LIMIT", 1]]
  ↳ app/models/user.rb:38:in `reset_session_token!'
  [1m[36mUser Update (0.3ms)[0m  [1m[33mUPDATE "users" SET "session_token" = $1, "updated_at" = $2 WHERE "users"."id" = $3[0m  [["session_token", "[FILTERED]"], ["updated_at", "2023-05-09 21:25:58.691449"], ["id", 1]]
  ↳ app/models/user.rb:38:in `reset_session_token!'
  [1m[36mTRANSACTION (0.9ms)[0m  [1m[35mCOMMIT[0m
  ↳ app/models/user.rb:38:in `reset_session_token!'
Redirected to http://localhost:3000/users/1
Completed 302 Found in 290ms (ActiveRecord: 2.8ms | Allocations: 4827)


Started GET "/users/1" for ::1 at 2023-05-09 14:25:58 -0700
Processing by UsersController#show as HTML
  Parameters: {"id"=>"1"}
  [1m[36mUser Load (0.4ms)[0m  [1m[34mSELECT "users".* FROM "users" WHERE "users"."id" = $1 LIMIT $2[0m  [["id", 1], ["LIMIT", 1]]
  ↳ app/controllers/users_controller.rb:20:in `show'
  Rendering layout layouts/application.html.erb
  Rendering users/show.html.erb within layouts/application
  Rendered users/show.html.erb within layouts/application (Duration: 0.4ms | Allocations: 130)
  [1m[36mUser Load (0.3ms)[0m  [1m[34mSELECT "users".* FROM "users" WHERE "users"."session_token" = $1 LIMIT $2[0m  [["session_token", "[FILTERED]"], ["LIMIT", 1]]
  ↳ app/controllers/application_controller.rb:6:in `current_user'
  Rendered layout layouts/application.html.erb (Duration: 4.6ms | Allocations: 2595)
Completed 200 OK in 15ms (Views: 6.3ms | ActiveRecord: 0.6ms | Allocations: 4658)


